[INFO ] 2022-05-01T14:52:41,128Z [main] cliutils.CordaCliWrapper. - Application Args: 
[INFO ] 2022-05-01T14:52:47,865Z [main] manifests.Manifests. - 127 attributes loaded from 167 stream(s) in 284ms, 127 saved, 2661 ignored: ["ActiveMQ-Version", "Agent-Class", "Ant-Version", "Application-Class", "Application-ID", "Application-Library-Allowable-Codebase", "Application-Name", "Application-Version", "Archiver-Version", "Automatic-Module-Name", "Bnd-LastModified", "Branch", "Build-Date", "Build-Host", "Build-Id", "Build-Java-Version", "Build-Jdk", "Build-Jdk-Spec", "Build-Job", "Build-Number", "Build-Time", "Build-Timestamp", "Build-Version", "Built-By", "Built-OS", "Built-Status", "Bundle-Activator", "Bundle-Category", "Bundle-ClassPath", "Bundle-Description", "Bundle-DocURL", "Bundle-License", "Bundle-ManifestVersion", "Bundle-Name", "Bundle-NativeCode", "Bundle-RequiredExecutionEnvironment", "Bundle-SymbolicName", "Bundle-Vendor", "Bundle-Version", "Caller-Allowable-Codebase", "Can-Redefine-Classes", "Can-Retransform-Classes", "Can-Set-Native-Method-Prefix", "Caplets", "Change", "Class-Path", "Codebase", "Corda-DJVM-Dependencies", "Corda-Deterministic-Classpath", "Corda-Deterministic-Runtime", "Corda-Docs-Link", "Corda-Platform-Version", "Corda-Release-Version", "Corda-Revision", "Corda-Vendor", "Created-By", "DynamicImport-Package", "Eclipse-BuddyPolicy", "Eclipse-LazyStart", "Export-Package", "Extension-Name", "Fragment-Host", "Git-Revision", "Git-Url", "Gradle-Version", "Hibernate-JpaVersion", "Hibernate-VersionFamily", "Implementation-Build", "Implementation-Build-Date", "Implementation-Build-Id", "Implementation-Title", "Implementation-URL", "Implementation-Url", "Implementation-Vendor", "Implementation-Vendor-Id", "Implementation-Version", "Import-Package", "Include-Resource", "JCabi-Build", "JCabi-Date", "JCabi-Version", "JVM-Args", "Java-Agents", "Java-Vendor", "Java-Version", "Kotlin-Runtime-Component", "Kotlin-Version", "Liquibase-Package", "Log4jReleaseKey", "Log4jReleaseManager", "Log4jReleaseVersion", "Main-Class", "Main-class", "Major-Version", "Manifest-Version", "Min-Java-Version", "Min-Update-Version", "Module-Email", "Module-Origin", "Module-Owner", "Module-Source", "Multi-Release", "Originally-Created-By", "Os-Arch", "Os-Name", "Os-Version", "Permissions", "Premain-Class", "Private-Package", "Provide-Capability", "Require-Capability", "SCM-Revision", "SCM-url", "Scm-Connection", "Scm-Revision", "Scm-Url", "Sealed", "Service-Component", "Specification-Title", "Specification-Vendor", "Specification-Version", "System-Properties", "Tool", "Trusted-Library", "URL", "X-Compile-Source-JDK", "X-Compile-Target-JDK"]
[INFO ] 2022-05-01T14:52:48,128Z [main] BasicInfo. - Logs can be found in                    : C:\Users\Acer\Desktop\project_cordaBlockchain\sample-java-lastversion\Advanced\obligation-cordapp\build\nodes\ParticipantA\logs
[INFO ] 2022-05-01T14:52:52,610Z [main] subcommands.ValidateConfigurationCli. - Actual configuration:
{
    "additionalNodeInfoPollingFrequencyMsec" : 5000,
    "additionalP2PAddresses" : [],
    "baseDirectory" : "C:\\Users\\Acer\\Desktop\\project_cordaBlockchain\\sample-java-lastversion\\Advanced\\obligation-cordapp\\build\\nodes\\ParticipantA",
    "blacklistedAttachmentSigningKeys" : [],
    "certificateChainCheckPolicies" : [],
    "cordappSignerKeyFingerprintBlacklist" : [
        "56CA54E803CB87C8472EBD3FBC6A2F1876E814CEEBF74860BD46997F40729367",
        "83088052AF16700457AE2C978A7D8AC38DD6A7C713539D00B897CD03A5E5D31D",
        "6F6696296C3F58B55FB6CA865A025A3A6CC27AD17C4AFABA1E8EF062E0A82739"
    ],
    "crlCheckArtemisServer" : false,
    "crlCheckSoftFail" : true,
    "dataSourceProperties" : "*****",
    "database" : {
        "exportHibernateJMXStatistics" : false,
        "mappedSchemaCacheSize" : 100
    },
    "detectPublicIp" : false,
    "devMode" : true,
    "emailAddress" : "admin@company.com",
    "extraNetworkMapKeys" : [],
    "flowExternalOperationThreadPoolSize" : 8,
    "flowMonitorPeriodMillis" : {
        "nanos" : 0,
        "seconds" : 60
    },
    "flowMonitorSuspensionLoggingThresholdMillis" : {
        "nanos" : 0,
        "seconds" : 60
    },
    "flowTimeout" : {
        "backoffBase" : 1.8,
        "maxRestartCount" : 6,
        "timeout" : {
            "nanos" : 0,
            "seconds" : 30
        }
    },
    "jarDirs" : [],
    "jmxReporterType" : "JOLOKIA",
    "keyStorePassword" : "*****",
    "lazyBridgeStart" : true,
    "localShellAllowExitInSafeMode" : true,
    "localShellUnsafe" : false,
    "myLegalName" : "O=ParticipantA,L=London,C=GB",
    "networkParameterAcceptanceSettings" : {
        "autoAcceptEnabled" : true,
        "excludedAutoAcceptableParameters" : []
    },
    "noLocalShell" : false,
    "p2pAddress" : "localhost:10007",
    "quasarExcludePackages" : [],
    "reloadCheckpointAfterSuspend" : false,
    "rpcSettings" : {
        "address" : "0.0.0.0:10008",
        "adminAddress" : "0.0.0.0:10108",
        "standAloneBroker" : false,
        "useSsl" : false
    },
    "rpcUsers" : [],
    "security" : {
        "authService" : {
            "dataSource" : {
                "passwordEncryption" : "NONE",
                "type" : "INMEMORY",
                "users" : [
                    {
                        "ignoresFallbacks" : false,
                        "resolved" : true,
                        "value" : {
                            "loadFactor" : 0.75,
                            "modCount" : 3,
                            "size" : 3,
                            "table" : {},
                            "threshold" : 3
                        }
                    }
                ]
            }
        }
    },
    "trustStorePassword" : "*****",
    "useTestClock" : false,
    "verifierType" : "InMemory"
}

[INFO ] 2022-05-01T14:52:52,695Z [main] internal.Node. - Vendor: Corda Open Source
[INFO ] 2022-05-01T14:52:52,695Z [main] internal.Node. - Release: 4.8.5
[INFO ] 2022-05-01T14:52:52,695Z [main] internal.Node. - Platform Version: 10
[INFO ] 2022-05-01T14:52:52,695Z [main] internal.Node. - Revision: 0a21fda87c379b6764c032f3af2dba614be24bb1
[INFO ] 2022-05-01T14:52:52,703Z [main] internal.Node. - PID: 22756
[INFO ] 2022-05-01T14:52:52,704Z [main] internal.Node. - Main class: /C:/Users/Acer/AppData/Local/capsule/apps/net.corda.node.Corda_4.8.5/corda-node-4.8.5.jar
[INFO ] 2022-05-01T14:52:52,704Z [main] internal.Node. - CommandLine Args: -Xmx512m -XX:+UseG1GC -XX:+HeapDumpOnOutOfMemoryError -XX:+CrashOnOutOfMemoryError -agentlib:jdwp=transport=dt_socket,server=y,suspend=n,address=5006 -javaagent:drivers/jolokia-jvm-1.6.0-agent.jar=port=7006,logHandlerClass=net.corda.node.JolokiaSlf4jAdapter -javaagent:C:\Users\Acer\AppData\Local\capsule\apps\net.corda.node.Corda_4.8.5\quasar-core-0.7.13_r3.jar=x(antlr**;bftsmart**;co.paralleluniverse**;com.codahale**;com.esotericsoftware**;com.fasterxml**;com.google**;com.ibm**;com.intellij**;com.jcabi**;com.nhaarman**;com.opengamma**;com.typesafe**;com.zaxxer**;de.javakaffee**;groovy**;groovyjarjarantlr**;groovyjarjarasm**;io.atomix**;io.github**;io.netty**;jdk**;kotlin**;net.corda.djvm**;djvm**;net.bytebuddy**;net.i2p**;org.apache**;org.bouncycastle**;org.codehaus**;org.crsh**;org.dom4j**;org.fusesource**;org.h2**;org.hibernate**;org.jboss**;org.jcp**;org.joda**;org.objectweb**;org.objenesis**;org.slf4j**;org.w3c**;org.xml**;org.yaml**;reflectasm**;rx**;org.jolokia**;com.lmax**;picocli**;liquibase**;com.github.benmanes**;org.json**;org.postgresql**;nonapi.io.github.classgraph**)l(net.corda.djvm.**;net.corda.core.serialization.internal.**) -javaagent:C:\Users\Acer\Desktop\project_cordaBlockchain\sample-java-lastversion\Advanced\obligation-cordapp\build\nodes\ParticipantA\corda.jar -Dcapsule.address=0.0.0.0 -Dvisualvm.display.name=Corda -Djava.library.path=C:\Program Files\Java\jre1.8.0_171\bin;C:\WINDOWS\Sun\Java\bin;C:\WINDOWS\system32;C:\WINDOWS;C:\Python310\Scripts;C:\Python310;C:\Program Files (x86)\VMware\VMware Workstation\bin;C:\Program Files (x86)\Common Files\Oracle\Java\javapath;C:\Program Files (x86)\Intel\Intel(R) Management Engine Components\iCLS;C:\Program Files\Intel\Intel(R) Management Engine Components\iCLS;C:\Windows\system32;C:\Windows;C:\Windows\System32\Wbem;C:\Windows\System32\WindowsPowerShell\v1.0;C:\Program Files (x86)\Intel\Intel(R) Management Engine Components\DAL;C:\Program Files\Intel\Intel(R) Management Engine Components\DAL;C:\Program Files (x86)\Intel\Intel(R) Management Engine Components\IPT;C:\Program Files\Intel\Intel(R) Management Engine Components\IPT;C:\Program Files (x86)\NVIDIA Corporation\PhysX\Common;C:\Program Files\Intel\WiFi\bin;C:\Program Files\Common Files\Intel\WirelessCommon;C:\Windows\System32\OpenSSH;C:\Program Files\Git\cmd;C:\Program Files\NVIDIA Corporation\NVIDIA NvDLISR;C:\Users\Acer\AppData\Local\Programs\Python\Python39;C:\Users\Acer\AppData\Local\Programs\Python\Python39\Scripts;C:\Program Files\dotnet;C:\WINDOWS\system32;C:\WINDOWS;C:\WINDOWS\System32\Wbem;C:\WINDOWS\System32\WindowsPowerShell\v1.0;C:\WINDOWS\System32\OpenSSH;C:\MinGW\bin;C:\Program Files\PuTTY;C:\Gradle\gradle-5.6.4\bin;C:\Program Files\nodejs;C:\ProgramData\chocolatey\bin;C:\Program Files\Java\jdk1.8.0_171\bin;C:\Users\Acer\.cargo\bin;C:\Users\Acer\AppData\Local\Programs\Python\Python39\Scripts;C:\Users\Acer\AppData\Local\Programs\Python\Python39;C:\Users\Acer\AppData\Local\Microsoft\WindowsApps;C:\Program Files\Common Files\Oracle\Java\javapath;C:\Program Files\Java\jdk-15.0.2\bin;C:\Users\Acer\.dotnet\tools;C:\Users\Acer\AppData\Local\Programs\Microsoft VS Code\bin;C:\Program Files\JetBrains\IntelliJ IDEA Community Edition 2021.2.2\bin;C:\Users\Acer\Downloads\arduino-cli_0.19.3_Windows_64bit;C:\Users\Acer\AppData\Roaming\npm;C:\Program Files\Java\jdk1.8.0_171\bin;C:\Gradle\gradle-5.6.4\bin;C:\Users\Acer\.cargo\bin;C:\Users\Acer\AppData\Local\capsule\apps\net.corda.node.Corda_4.8.5 -Dcapsule.log=1 -Dcapsule.app=net.corda.node.Corda_4.8.5 -Dcapsule.port=54321 -Dcapsule.jvm.args=-agentlib:jdwp=transport=dt_socket,server=y,suspend=n,address=5006 -javaagent:drivers/jolokia-jvm-1.6.0-agent.jar=port=7006,logHandlerClass=net.corda.node.JolokiaSlf4jAdapter -Dname=ParticipantA -Dcapsule.dir=C:\Users\Acer\AppData\Local\capsule\apps\net.corda.node.Corda_4.8.5 -Dcapsule.jar=C:\Users\Acer\Desktop\project_cordaBlockchain\sample-java-lastversion\Advanced\obligation-cordapp\build\nodes\ParticipantA\corda.jar
[INFO ] 2022-05-01T14:52:52,704Z [main] internal.Node. - bootclasspath: C:\Program Files\Java\jre1.8.0_171\lib\resources.jar;C:\Program Files\Java\jre1.8.0_171\lib\rt.jar;C:\Program Files\Java\jre1.8.0_171\lib\sunrsasign.jar;C:\Program Files\Java\jre1.8.0_171\lib\jsse.jar;C:\Program Files\Java\jre1.8.0_171\lib\jce.jar;C:\Program Files\Java\jre1.8.0_171\lib\charsets.jar;C:\Program Files\Java\jre1.8.0_171\lib\jfr.jar;C:\Program Files\Java\jre1.8.0_171\classes
[INFO ] 2022-05-01T14:52:52,704Z [main] internal.Node. - classpath: C:\Users\Acer\Desktop\project_cordaBlockchain\sample-java-lastversion\Advanced\obligation-cordapp\build\nodes\ParticipantA\corda.jar;C:\Users\Acer\AppData\Local\capsule\apps\net.corda.node.Corda_4.8.5\corda-shell-4.8.5.jar;C:\Users\Acer\AppData\Local\capsule\apps\net.corda.node.Corda_4.8.5\corda-rpc-4.8.5.jar;C:\Users\Acer\AppData\Local\capsule\apps\net.corda.node.Corda_4.8.5\corda-node-api-4.8.5.jar;C:\Users\Acer\AppData\Local\capsule\apps\net.corda.node.Corda_4.8.5\corda-tools-cliutils-4.8.5.jar;C:\Users\Acer\AppData\Local\capsule\apps\net.corda.node.Corda_4.8.5\corda-common-configuration-parsing-4.8.5.jar;C:\Users\Acer\AppData\Local\capsule\apps\net.corda.node.Corda_4.8.5\corda-common-validation-4.8.5.jar;C:\Users\Acer\AppData\Local\capsule\apps\net.corda.node.Corda_4.8.5\corda-common-logging-4.8.5.jar;C:\Users\Acer\AppData\Local\capsule\apps\net.corda.node.Corda_4.8.5\corda-confidential-identities-4.8.5.jar;C:\Users\Acer\AppData\Local\capsule\apps\net.corda.node.Corda_4.8.5\log4j-slf4j-impl-2.16.0.jar;C:\Users\Acer\AppData\Local\capsule\apps\net.corda.node.Corda_4.8.5\log4j-web-2.16.0.jar;C:\Users\Acer\AppData\Local\capsule\apps\net.corda.node.Corda_4.8.5\jul-to-slf4j-1.7.30.jar;C:\Users\Acer\AppData\Local\capsule\apps\net.corda.node.Corda_4.8.5\corda-serialization-djvm-4.8.5.jar;C:\Users\Acer\AppData\Local\capsule\apps\net.corda.node.Corda_4.8.5\corda-djvm-1.1.1.jar;C:\Users\Acer\AppData\Local\capsule\apps\net.corda.node.Corda_4.8.5\corda-jackson-4.8.5.jar;C:\Users\Acer\AppData\Local\capsule\apps\net.corda.node.Corda_4.8.5\corda-serialization-4.8.5.jar;C:\Users\Acer\AppData\Local\capsule\apps\net.corda.node.Corda_4.8.5\corda-core-4.8.5.jar;C:\Users\Acer\AppData\Local\capsule\apps\net.corda.node.Corda_4.8.5\kotlin-stdlib-jdk8-1.2.71.jar;C:\Users\Acer\AppData\Local\capsule\apps\net.corda.node.Corda_4.8.5\jackson-module-kotlin-2.9.7.jar;C:\Users\Acer\AppData\Local\capsule\apps\net.corda.node.Corda_4.8.5\kotlin-reflect-1.2.71.jar;C:\Users\Acer\AppData\Local\capsule\apps\net.corda.node.Corda_4.8.5\jansi-1.18.jar;C:\Users\Acer\AppData\Local\capsule\apps\net.corda.node.Corda_4.8.5\metrics-new-relic-1.1.1.jar;C:\Users\Acer\AppData\Local\capsule\apps\net.corda.node.Corda_4.8.5\quasar-core-0.7.13_r3.jar;C:\Users\Acer\AppData\Local\capsule\apps\net.corda.node.Corda_4.8.5\guava-28.0-jre.jar;C:\Users\Acer\AppData\Local\capsule\apps\net.corda.node.Corda_4.8.5\caffeine-2.7.0.jar;C:\Users\Acer\AppData\Local\capsule\apps\net.corda.node.Corda_4.8.5\disruptor-3.4.2.jar;C:\Users\Acer\AppData\Local\capsule\apps\net.corda.node.Corda_4.8.5\commons-collections4-4.3.jar;C:\Users\Acer\AppData\Local\capsule\apps\net.corda.node.Corda_4.8.5\artemis-amqp-protocol-2.6.2.jar;C:\Users\Acer\AppData\Local\capsule\apps\net.corda.node.Corda_4.8.5\artemis-server-2.6.2.jar;C:\Users\Acer\AppData\Local\capsule\apps\net.corda.node.Corda_4.8.5\artemis-jdbc-store-2.6.2.jar;C:\Users\Acer\AppData\Local\capsule\apps\net.corda.node.Corda_4.8.5\artemis-jms-client-2.6.2.jar;C:\Users\Acer\AppData\Local\capsule\apps\net.corda.node.Corda_4.8.5\artemis-core-client-2.6.2.jar;C:\Users\Acer\AppData\Local\capsule\apps\net.corda.node.Corda_4.8.5\artemis-journal-2.6.2.jar;C:\Users\Acer\AppData\Local\capsule\apps\net.corda.node.Corda_4.8.5\artemis-commons-2.6.2.jar;C:\Users\Acer\AppData\Local\capsule\apps\net.corda.node.Corda_4.8.5\shiro-core-1.4.1.jar;C:\Users\Acer\AppData\Local\capsule\apps\net.corda.node.Corda_4.8.5\shiro-config-ogdl-1.4.1.jar;C:\Users\Acer\AppData\Local\capsule\apps\net.corda.node.Corda_4.8.5\commons-beanutils-1.9.4.jar;C:\Users\Acer\AppData\Local\capsule\apps\net.corda.node.Corda_4.8.5\jcabi-manifests-1.1.jar;C:\Users\Acer\AppData\Local\capsule\apps\net.corda.node.Corda_4.8.5\metrics-jmx-4.1.0.jar;C:\Users\Acer\AppData\Local\capsule\apps\net.corda.node.Corda_4.8.5\config-1.3.4.jar;C:\Users\Acer\AppData\Local\capsule\apps\net.corda.node.Corda_4.8.5\corda-node-djvm-4.8.5.jar;C:\Users\Acer\AppData\Local\capsule\apps\net.corda.node.Corda_4.8.5\h2-1.4.199.jar;C:\Users\Acer\AppData\Local\capsule\apps\net.corda.node.Corda_4.8.5\HikariCP-3.3.1.jar;C:\Users\Acer\AppData\Local\capsule\apps\net.corda.node.Corda_4.8.5\hibernate-java8-5.4.3.Final.jar;C:\Users\Acer\AppData\Local\capsule\apps\net.corda.node.Corda_4.8.5\hibernate-core-5.4.3.Final.jar;C:\Users\Acer\AppData\Local\capsule\apps\net.corda.node.Corda_4.8.5\okhttp-3.14.2.jar;C:\Users\Acer\AppData\Local\capsule\apps\net.corda.node.Corda_4.8.5\picocli-3.9.6.jar;C:\Users\Acer\AppData\Local\capsule\apps\net.corda.node.Corda_4.8.5\library-master-v1.1-beta-g6215ec8-87.jar;C:\Users\Acer\AppData\Local\capsule\apps\net.corda.node.Corda_4.8.5\commons-codec-1.13.jar;C:\Users\Acer\AppData\Local\capsule\apps\net.corda.node.Corda_4.8.5\copycat-client-1.2.3.jar;C:\Users\Acer\AppData\Local\capsule\apps\net.corda.node.Corda_4.8.5\copycat-server-1.2.3.jar;C:\Users\Acer\AppData\Local\capsule\apps\net.corda.node.Corda_4.8.5\catalyst-netty-1.1.2.jar;C:\Users\Acer\AppData\Local\capsule\apps\net.corda.node.Corda_4.8.5\jolokia-jvm-1.6.1-agent.jar;C:\Users\Acer\AppData\Local\capsule\apps\net.corda.node.Corda_4.8.5\netty-tcnative-boringssl-static-2.0.42.Final.jar;C:\Users\Acer\AppData\Local\capsule\apps\net.corda.node.Corda_4.8.5\kotlin-stdlib-jre8-1.2.71.jar;C:\Users\Acer\AppData\Local\capsule\apps\net.corda.node.Corda_4.8.5\netty-handler-proxy-4.1.67.Final.jar;C:\Users\Acer\AppData\Local\capsule\apps\net.corda.node.Corda_4.8.5\proton-j-0.33.0.jar;C:\Users\Acer\AppData\Local\capsule\apps\net.corda.node.Corda_4.8.5\classgraph-4.8.90.jar;C:\Users\Acer\AppData\Local\capsule\apps\net.corda.node.Corda_4.8.5\kryo-serializers-0.43.jar;C:\Users\Acer\AppData\Local\capsule\apps\net.corda.node.Corda_4.8.5\kryo-4.0.2.jar;C:\Users\Acer\AppData\Local\capsule\apps\net.corda.node.Corda_4.8.5\liquibase-core-3.6.3.jar;C:\Users\Acer\AppData\Local\capsule\apps\net.corda.node.Corda_4.8.5\jackson-datatype-jsr310-2.9.7.jar;C:\Users\Acer\AppData\Local\capsule\apps\net.corda.node.Corda_4.8.5\jackson-databind-2.9.7.jar;C:\Users\Acer\AppData\Local\capsule\apps\net.corda.node.Corda_4.8.5\liquibase-slf4j-2.0.0.jar;C:\Users\Acer\AppData\Local\capsule\apps\net.corda.node.Corda_4.8.5\crash.connectors.ssh-1.7.4.jar;C:\Users\Acer\AppData\Local\capsule\apps\net.corda.node.Corda_4.8.5\crash.shell-1.7.4.jar;C:\Users\Acer\AppData\Local\capsule\apps\net.corda.node.Corda_4.8.5\log4j-core-2.16.0.jar;C:\Users\Acer\AppData\Local\capsule\apps\net.corda.node.Corda_4.8.5\commons-io-2.6.jar;C:\Users\Acer\AppData\Local\capsule\apps\net.corda.node.Corda_4.8.5\jcabi-log-0.14.jar;C:\Users\Acer\AppData\Local\capsule\apps\net.corda.node.Corda_4.8.5\metrics-core-4.1.0.jar;C:\Users\Acer\AppData\Local\capsule\apps\net.corda.node.Corda_4.8.5\shiro-cache-1.4.1.jar;C:\Users\Acer\AppData\Local\capsule\apps\net.corda.node.Corda_4.8.5\shiro-crypto-hash-1.4.1.jar;C:\Users\Acer\AppData\Local\capsule\apps\net.corda.node.Corda_4.8.5\shiro-crypto-cipher-1.4.1.jar;C:\Users\Acer\AppData\Local\capsule\apps\net.corda.node.Corda_4.8.5\shiro-config-core-1.4.1.jar;C:\Users\Acer\AppData\Local\capsule\apps\net.corda.node.Corda_4.8.5\shiro-event-1.4.1.jar;C:\Users\Acer\AppData\Local\capsule\apps\net.corda.node.Corda_4.8.5\shiro-crypto-core-1.4.1.jar;C:\Users\Acer\AppData\Local\capsule\apps\net.corda.node.Corda_4.8.5\shiro-lang-1.4.1.jar;C:\Users\Acer\AppData\Local\capsule\apps\net.corda.node.Corda_4.8.5\copycat-protocol-1.2.3.jar;C:\Users\Acer\AppData\Local\capsule\apps\net.corda.node.Corda_4.8.5\catalyst-transport-1.1.2.jar;C:\Users\Acer\AppData\Local\capsule\apps\net.corda.node.Corda_4.8.5\jcl-over-slf4j-1.7.30.jar;C:\Users\Acer\AppData\Local\capsule\apps\net.corda.node.Corda_4.8.5\mina-core-2.0.16.jar;C:\Users\Acer\AppData\Local\capsule\apps\net.corda.node.Corda_4.8.5\catalyst-concurrent-1.1.2.jar;C:\Users\Acer\AppData\Local\capsule\apps\net.corda.node.Corda_4.8.5\catalyst-serializer-1.1.2.jar;C:\Users\Acer\AppData\Local\capsule\apps\net.corda.node.Corda_4.8.5\catalyst-buffer-1.1.2.jar;C:\Users\Acer\AppData\Local\capsule\apps\net.corda.node.Corda_4.8.5\catalyst-common-1.1.2.jar;C:\Users\Acer\AppData\Local\capsule\apps\net.corda.node.Corda_4.8.5\slf4j-api-1.7.30.jar;C:\Users\Acer\AppData\Local\capsule\apps\net.corda.node.Corda_4.8.5\log4j-api-2.16.0.jar;C:\Users\Acer\AppData\Local\capsule\apps\net.corda.node.Corda_4.8.5\kotlin-stdlib-jdk7-1.2.71.jar;C:\Users\Acer\AppData\Local\capsule\apps\net.corda.node.Corda_4.8.5\kotlin-stdlib-jre7-1.2.71.jar;C:\Users\Acer\AppData\Local\capsule\apps\net.corda.node.Corda_4.8.5\kotlin-stdlib-1.2.71.jar;C:\Users\Acer\AppData\Local\capsule\apps\net.corda.node.Corda_4.8.5\failureaccess-1.0.1.jar;C:\Users\Acer\AppData\Local\capsule\apps\net.corda.node.Corda_4.8.5\listenablefuture-9999.0-empty-to-avoid-conflict-with-guava.jar;C:\Users\Acer\AppData\Local\capsule\apps\net.corda.node.Corda_4.8.5\jsr305-3.0.2.jar;C:\Users\Acer\AppData\Local\capsule\apps\net.corda.node.Corda_4.8.5\checker-qual-2.8.1.jar;C:\Users\Acer\AppData\Local\capsule\apps\net.corda.node.Corda_4.8.5\error_prone_annotations-2.3.3.jar;C:\Users\Acer\AppData\Local\capsule\apps\net.corda.node.Corda_4.8.5\j2objc-annotations-1.3.jar;C:\Users\Acer\AppData\Local\capsule\apps\net.corda.node.Corda_4.8.5\animal-sniffer-annotations-1.17.jar;C:\Users\Acer\AppData\Local\capsule\apps\net.corda.node.Corda_4.8.5\commons-collections-3.2.2.jar;C:\Users\Acer\AppData\Local\capsule\apps\net.corda.node.Corda_4.8.5\artemis-native-2.6.2.jar;C:\Users\Acer\AppData\Local\capsule\apps\net.corda.node.Corda_4.8.5\hibernate-commons-annotations-5.1.0.Final.jar;C:\Users\Acer\AppData\Local\capsule\apps\net.corda.node.Corda_4.8.5\jboss-logging-3.3.2.Final.jar;C:\Users\Acer\AppData\Local\capsule\apps\net.corda.node.Corda_4.8.5\artemis-selector-2.6.2.jar;C:\Users\Acer\AppData\Local\capsule\apps\net.corda.node.Corda_4.8.5\netty-codec-http-4.1.67.Final.jar;C:\Users\Acer\AppData\Local\capsule\apps\net.corda.node.Corda_4.8.5\netty-handler-4.1.67.Final.jar;C:\Users\Acer\AppData\Local\capsule\apps\net.corda.node.Corda_4.8.5\netty-transport-native-epoll-4.1.67.Final-linux-x86_64.jar;C:\Users\Acer\AppData\Local\capsule\apps\net.corda.node.Corda_4.8.5\netty-transport-native-kqueue-4.1.67.Final-osx-x86_64.jar;C:\Users\Acer\AppData\Local\capsule\apps\net.corda.node.Corda_4.8.5\netty-codec-socks-4.1.67.Final.jar;C:\Users\Acer\AppData\Local\capsule\apps\net.corda.node.Corda_4.8.5\netty-codec-4.1.67.Final.jar;C:\Users\Acer\AppData\Local\capsule\apps\net.corda.node.Corda_4.8.5\netty-transport-native-unix-common-4.1.67.Final.jar;C:\Users\Acer\AppData\Local\capsule\apps\net.corda.node.Corda_4.8.5\netty-transport-4.1.67.Final.jar;C:\Users\Acer\AppData\Local\capsule\apps\net.corda.node.Corda_4.8.5\netty-buffer-4.1.67.Final.jar;C:\Users\Acer\AppData\Local\capsule\apps\net.corda.node.Corda_4.8.5\netty-resolver-4.1.67.Final.jar;C:\Users\Acer\AppData\Local\capsule\apps\net.corda.node.Corda_4.8.5\netty-common-4.1.67.Final.jar;C:\Users\Acer\AppData\Local\capsule\apps\net.corda.node.Corda_4.8.5\geronimo-json_1.0_spec-1.0-alpha-1.jar;C:\Users\Acer\AppData\Local\capsule\apps\net.corda.node.Corda_4.8.5\jgroups-3.6.13.Final.jar;C:\Users\Acer\AppData\Local\capsule\apps\net.corda.node.Corda_4.8.5\johnzon-core-0.9.5.jar;C:\Users\Acer\AppData\Local\capsule\apps\net.corda.node.Corda_4.8.5\corda-deserializers-djvm-4.8.5.jar;C:\Users\Acer\AppData\Local\capsule\apps\net.corda.node.Corda_4.8.5\javax.persistence-api-2.2.jar;C:\Users\Acer\AppData\Local\capsule\apps\net.corda.node.Corda_4.8.5\javassist-3.24.0-GA.jar;C:\Users\Acer\AppData\Local\capsule\apps\net.corda.node.Corda_4.8.5\byte-buddy-1.9.10.jar;C:\Users\Acer\AppData\Local\capsule\apps\net.corda.node.Corda_4.8.5\antlr-2.7.7.jar;C:\Users\Acer\AppData\Local\capsule\apps\net.corda.node.Corda_4.8.5\jboss-transaction-api_1.2_spec-1.1.1.Final.jar;C:\Users\Acer\AppData\Local\capsule\apps\net.corda.node.Corda_4.8.5\jandex-2.0.5.Final.jar;C:\Users\Acer\AppData\Local\capsule\apps\net.corda.node.Corda_4.8.5\classmate-1.3.4.jar;C:\Users\Acer\AppData\Local\capsule\apps\net.corda.node.Corda_4.8.5\jaxb-runtime-2.3.1.jar;C:\Users\Acer\AppData\Local\capsule\apps\net.corda.node.Corda_4.8.5\jaxb-api-2.3.1.jar;C:\Users\Acer\AppData\Local\capsule\apps\net.corda.node.Corda_4.8.5\javax.activation-api-1.2.0.jar;C:\Users\Acer\AppData\Local\capsule\apps\net.corda.node.Corda_4.8.5\dom4j-2.1.1.jar;C:\Users\Acer\AppData\Local\capsule\apps\net.corda.node.Corda_4.8.5\okio-1.17.2.jar;C:\Users\Acer\AppData\Local\capsule\apps\net.corda.node.Corda_4.8.5\jolokia-core-1.6.1.jar;C:\Users\Acer\AppData\Local\capsule\apps\net.corda.node.Corda_4.8.5\json-simple-1.1.1.jar;C:\Users\Acer\AppData\Local\capsule\apps\net.corda.node.Corda_4.8.5\newrelic-api-3.10.0.jar;C:\Users\Acer\AppData\Local\capsule\apps\net.corda.node.Corda_4.8.5\LatencyUtils-2.0.3.jar;C:\Users\Acer\AppData\Local\capsule\apps\net.corda.node.Corda_4.8.5\HdrHistogram-2.1.9.jar;C:\Users\Acer\AppData\Local\capsule\apps\net.corda.node.Corda_4.8.5\reflectasm-1.11.3.jar;C:\Users\Acer\AppData\Local\capsule\apps\net.corda.node.Corda_4.8.5\asm-analysis-5.2.jar;C:\Users\Acer\AppData\Local\capsule\apps\net.corda.node.Corda_4.8.5\asm-commons-5.2.jar;C:\Users\Acer\AppData\Local\capsule\apps\net.corda.node.Corda_4.8.5\asm-util-5.2.jar;C:\Users\Acer\AppData\Local\capsule\apps\net.corda.node.Corda_4.8.5\asm-tree-5.2.jar;C:\Users\Acer\AppData\Local\capsule\apps\net.corda.node.Corda_4.8.5\asm-7.1.jar;C:\Users\Acer\AppData\Local\capsule\apps\net.corda.node.Corda_4.8.5\rxjava-1.3.8.jar;C:\Users\Acer\AppData\Local\capsule\apps\net.corda.node.Corda_4.8.5\commons-lang3-3.9.jar;C:\Users\Acer\AppData\Local\capsule\apps\net.corda.node.Corda_4.8.5\eddsa-0.3.0.jar;C:\Users\Acer\AppData\Local\capsule\apps\net.corda.node.Corda_4.8.5\bcpkix-jdk15on-1.68.jar;C:\Users\Acer\AppData\Local\capsule\apps\net.corda.node.Corda_4.8.5\bcprov-jdk15on-1.68.jar;C:\Users\Acer\AppData\Local\capsule\apps\net.corda.node.Corda_4.8.5\snappy-0.4.jar;C:\Users\Acer\AppData\Local\capsule\apps\net.corda.node.Corda_4.8.5\minlog-1.3.0.jar;C:\Users\Acer\AppData\Local\capsule\apps\net.corda.node.Corda_4.8.5\objenesis-2.5.1.jar;C:\Users\Acer\AppData\Local\capsule\apps\net.corda.node.Corda_4.8.5\jackson-dataformat-yaml-2.9.7.jar;C:\Users\Acer\AppData\Local\capsule\apps\net.corda.node.Corda_4.8.5\snakeyaml-1.23.jar;C:\Users\Acer\AppData\Local\capsule\apps\net.corda.node.Corda_4.8.5\jackson-annotations-2.9.0.jar;C:\Users\Acer\AppData\Local\capsule\apps\net.corda.node.Corda_4.8.5\jackson-core-2.9.7.jar;C:\Users\Acer\AppData\Local\capsule\apps\net.corda.node.Corda_4.8.5\crash.cli-1.7.4.jar;C:\Users\Acer\AppData\Local\capsule\apps\net.corda.node.Corda_4.8.5\groovy-all-1.8.9.jar;C:\Users\Acer\AppData\Local\capsule\apps\net.corda.node.Corda_4.8.5\sshd-pam-0.11.0.jar;C:\Users\Acer\AppData\Local\capsule\apps\net.corda.node.Corda_4.8.5\sshd-core-2.3.0.jar;C:\Users\Acer\AppData\Local\capsule\apps\net.corda.node.Corda_4.8.5\kotlin-stdlib-common-1.2.71.jar;C:\Users\Acer\AppData\Local\capsule\apps\net.corda.node.Corda_4.8.5\annotations-13.0.jar;C:\Users\Acer\AppData\Local\capsule\apps\net.corda.node.Corda_4.8.5\txw2-2.3.1.jar;C:\Users\Acer\AppData\Local\capsule\apps\net.corda.node.Corda_4.8.5\istack-commons-runtime-3.0.7.jar;C:\Users\Acer\AppData\Local\capsule\apps\net.corda.node.Corda_4.8.5\stax-ex-1.8.jar;C:\Users\Acer\AppData\Local\capsule\apps\net.corda.node.Corda_4.8.5\FastInfoset-1.2.15.jar;C:\Users\Acer\AppData\Local\capsule\apps\net.corda.node.Corda_4.8.5\geronimo-jms_2.0_spec-1.0-alpha-2.jar;C:\Users\Acer\AppData\Local\capsule\apps\net.corda.node.Corda_4.8.5\sshd-common-2.3.0.jar;C:\Users\Acer\AppData\Local\capsule\apps\net.corda.node.Corda_4.8.5\jpam-1.1.jar;C:\Users\Acer\AppData\Local\capsule\apps\net.corda.node.Corda_4.8.5\corda-node-4.8.5.jar;C:\Users\Acer\Desktop\project_cordaBlockchain\sample-java-lastversion\Advanced\obligation-cordapp\build\nodes\ParticipantA\drivers\jolokia-jvm-1.6.0-agent.jar;drivers/jolokia-jvm-1.6.0-agent.jar;C:\Users\Acer\AppData\Local\capsule\apps\net.corda.node.Corda_4.8.5\quasar-core-0.7.13_r3.jar;C:\Users\Acer\Desktop\project_cordaBlockchain\sample-java-lastversion\Advanced\obligation-cordapp\build\nodes\ParticipantA\corda.jar
[INFO ] 2022-05-01T14:52:52,704Z [main] internal.Node. - VM Java HotSpot(TM) 64-Bit Server VM Oracle Corporation 25.171-b11
[INFO ] 2022-05-01T14:52:52,704Z [main] internal.Node. - Machine: LAPTOP-HDGRML9K
[INFO ] 2022-05-01T14:52:52,704Z [main] internal.Node. - Working Directory: C:\Users\Acer\Desktop\project_cordaBlockchain\sample-java-lastversion\Advanced\obligation-cordapp\build\nodes\ParticipantA
[INFO ] 2022-05-01T14:52:52,710Z [main] internal.Node. - Debug port: 5006
[INFO ] 2022-05-01T14:52:52,711Z [main] internal.Node. - Starting as node on localhost:10007
[INFO ] 2022-05-01T14:52:53,680Z [main] cordapp.JarScanningCordappLoader. - Looking for CorDapps in [C:\Users\Acer\Desktop\project_cordaBlockchain\sample-java-lastversion\Advanced\obligation-cordapp\build\nodes\ParticipantA\cordapps]
[INFO ] 2022-05-01T14:52:53,824Z [main] cordapp.JarScanningCordappLoader. - Loading CorDapps from RestrictedURL(url=file:/C:/Users/Acer/Desktop/project_cordaBlockchain/sample-java-lastversion/Advanced/obligation-cordapp/build/nodes/ParticipantA/cordapps/contracts-1.0.jar, rootPackageName=null), RestrictedURL(url=file:/C:/Users/Acer/Desktop/project_cordaBlockchain/sample-java-lastversion/Advanced/obligation-cordapp/build/nodes/ParticipantA/cordapps/corda-confidential-identities-4.8.5.jar, rootPackageName=null), RestrictedURL(url=file:/C:/Users/Acer/Desktop/project_cordaBlockchain/sample-java-lastversion/Advanced/obligation-cordapp/build/nodes/ParticipantA/cordapps/corda-finance-contracts-4.8.5.jar, rootPackageName=null), RestrictedURL(url=file:/C:/Users/Acer/Desktop/project_cordaBlockchain/sample-java-lastversion/Advanced/obligation-cordapp/build/nodes/ParticipantA/cordapps/corda-finance-workflows-4.8.5.jar, rootPackageName=null), RestrictedURL(url=file:/C:/Users/Acer/Desktop/project_cordaBlockchain/sample-java-lastversion/Advanced/obligation-cordapp/build/nodes/ParticipantA/cordapps/workflows-1.0.jar, rootPackageName=null)
[INFO ] 2022-05-01T14:52:53,965Z [main] cordapp.JarScanningCordappLoader. - Scanning CorDapp in file:/C:/Users/Acer/Desktop/project_cordaBlockchain/sample-java-lastversion/Advanced/obligation-cordapp/build/nodes/ParticipantA/cordapps/contracts-1.0.jar
[INFO ] 2022-05-01T14:52:58,136Z [main] cordapp.JarScanningCordappLoader. - Scanning CorDapp in file:/C:/Users/Acer/Desktop/project_cordaBlockchain/sample-java-lastversion/Advanced/obligation-cordapp/build/nodes/ParticipantA/cordapps/corda-confidential-identities-4.8.5.jar
[INFO ] 2022-05-01T14:52:58,773Z [main] cordapp.JarScanningCordappLoader. - Scanning CorDapp in file:/C:/Users/Acer/Desktop/project_cordaBlockchain/sample-java-lastversion/Advanced/obligation-cordapp/build/nodes/ParticipantA/cordapps/corda-finance-contracts-4.8.5.jar
[INFO ] 2022-05-01T14:53:02,359Z [main] cordapp.JarScanningCordappLoader. - Scanning CorDapp in file:/C:/Users/Acer/Desktop/project_cordaBlockchain/sample-java-lastversion/Advanced/obligation-cordapp/build/nodes/ParticipantA/cordapps/corda-finance-workflows-4.8.5.jar
[INFO ] 2022-05-01T14:53:04,512Z [main] cordapp.JarScanningCordappLoader. - Scanning CorDapp in file:/C:/Users/Acer/Desktop/project_cordaBlockchain/sample-java-lastversion/Advanced/obligation-cordapp/build/nodes/ParticipantA/cordapps/workflows-1.0.jar
[INFO ] 2022-05-01T14:53:14,707Z [main] internal.Node. - MessagingService active change to: false
[INFO ] 2022-05-01T14:53:18,870Z [main] internal.Node. - Flow external operation executor has a max of 8 threads
[WARN ] 2022-05-01T14:53:20,325Z [main] internal.Node. - This node is running in development mode!  This is not safe for production deployment.
[INFO ] 2022-05-01T14:53:25,137Z [main] internal.Node. - Node starting up ...
[INFO ] 2022-05-01T14:53:25,348Z [main] internal.KeyStoreHandler. - Loaded trusted root certificate: DL7fwxLm5xbiMD8adUuYTsPZHAict46Ng4w6RNcySt5vAw, alias: cordarootca
[INFO ] 2022-05-01T14:53:25,967Z [main] internal.KeyStoreHandler. - Loaded node identity key: DLBk1uA2qzfzvH5S2osjf9mccunZygVugB1d6t8BQZ2VsN, alias: identity-private-key
[INFO ] 2022-05-01T14:53:30,687Z [main] internal.NodeFlowManager. - Registered net.corda.finance.flows.CashExitFlow to initiate net.corda.finance.flows.CashExitResponderFlow (version 1)
[INFO ] 2022-05-01T14:53:30,688Z [main] internal.NodeFlowManager. - Registered net.corda.finance.flows.CashPaymentFlow to initiate net.corda.finance.flows.CashPaymentReceiverFlow (version 1)
[INFO ] 2022-05-01T14:53:30,717Z [main] internal.NodeFlowManager. - Registered net.corda.samples.obligation.flows.IOUIssueFlow$InitiatorFlow to initiate net.corda.samples.obligation.flows.IOUIssueFlow$ResponderFlow (version 1)
[INFO ] 2022-05-01T14:53:30,729Z [main] internal.NodeFlowManager. - Registered net.corda.samples.obligation.flows.IOUSettleFlow$InitiatorFlow to initiate net.corda.samples.obligation.flows.IOUSettleFlow$Responder (version 1)
[INFO ] 2022-05-01T14:53:30,733Z [main] internal.NodeFlowManager. - Registered net.corda.samples.obligation.flows.IOUTransferFlow$InitiatorFlow to initiate net.corda.samples.obligation.flows.IOUTransferFlow$Responder (version 1)
[INFO ] 2022-05-01T14:53:31,029Z [main] internal.Node. - Setting unsafe users as: [user1]
[INFO ] 2022-05-01T14:53:32,341Z [main] shell.InteractiveShell. - launchShell: User=internalShell perm=[]
[INFO ] 2022-05-01T14:53:32,341Z [main] shell.InteractiveShell. - Shell: PermitExit= true, UNSAFELOCAL=false
[INFO ] 2022-05-01T14:53:33,582Z [main] plugin.PluginManager. - Loaded plugin Plugin[type=SSHPlugin,interface=SSHPlugin]
[INFO ] 2022-05-01T14:53:33,584Z [main] plugin.PluginManager. - Loaded plugin Plugin[type=SSHInlinePlugin,interface=CommandPlugin]
[INFO ] 2022-05-01T14:53:33,585Z [main] plugin.PluginManager. - Loaded plugin Plugin[type=KeyAuthenticationPlugin,interface=KeyAuthenticationPlugin]
[INFO ] 2022-05-01T14:53:33,615Z [main] plugin.PluginManager. - Loaded plugin Plugin[type=CRaSHShellFactory,interface=ShellFactory]
[INFO ] 2022-05-01T14:53:33,705Z [main] plugin.PluginManager. - Loaded plugin Plugin[type=GroovyLanguageProxy,interface=Language]
[INFO ] 2022-05-01T14:53:33,890Z [main] plugin.PluginManager. - Loaded plugin Plugin[type=JavaLanguage,interface=Language]
[INFO ] 2022-05-01T14:53:34,045Z [main] plugin.PluginManager. - Loaded plugin Plugin[type=ScriptLanguage,interface=Language]
[INFO ] 2022-05-01T14:53:34,071Z [main] plugin.PluginManager. - Loaded plugin Plugin[type=JaasAuthenticationPlugin,interface=AuthenticationPlugin]
[INFO ] 2022-05-01T14:53:34,074Z [main] plugin.PluginManager. - Loaded plugin Plugin[type=SimpleAuthenticationPlugin,interface=AuthenticationPlugin]
[INFO ] 2022-05-01T14:53:34,117Z [main] ssh.SSHPlugin. - Could not boot SSHD due to missing due to missing port configuration
[INFO ] 2022-05-01T14:53:34,117Z [main] plugin.PluginManager. - Initialized plugin Plugin[type=SSHPlugin,interface=SSHPlugin]
[INFO ] 2022-05-01T14:53:34,117Z [main] plugin.PluginManager. - Initialized plugin Plugin[type=SSHInlinePlugin,interface=CommandPlugin]
[INFO ] 2022-05-01T14:53:34,117Z [main] plugin.PluginManager. - Initialized plugin Plugin[type=KeyAuthenticationPlugin,interface=KeyAuthenticationPlugin]
[INFO ] 2022-05-01T14:53:35,513Z [main] plugin.PluginManager. - Initialized plugin Plugin[type=GroovyLanguageProxy,interface=Language]
[INFO ] 2022-05-01T14:53:35,516Z [main] plugin.PluginManager. - Initialized plugin Plugin[type=ScriptLanguage,interface=Language]
[INFO ] 2022-05-01T14:53:35,842Z [main] plugin.PluginManager. - Initialized plugin Plugin[type=CRaSHShellFactory,interface=ShellFactory]
[INFO ] 2022-05-01T14:53:35,842Z [main] plugin.PluginManager. - Initialized plugin Plugin[type=JaasAuthenticationPlugin,interface=AuthenticationPlugin]
[INFO ] 2022-05-01T14:53:35,842Z [main] plugin.PluginManager. - Initialized plugin Plugin[type=SimpleAuthenticationPlugin,interface=AuthenticationPlugin]
[INFO ] 2022-05-01T14:53:35,843Z [main] plugin.PluginManager. - Initialized plugin Plugin[type=CordaAuthenticationPlugin,interface=AuthenticationPlugin]
[INFO ] 2022-05-01T14:53:35,843Z [main] plugin.PluginManager. - Initialized plugin Plugin[type=CordaDisconnectPlugin,interface=DisconnectPlugin]
[INFO ] 2022-05-01T14:53:53,957Z [main] internal.Node. - Loaded network parameters: NetworkParameters {
      minimumPlatformVersion=10
      notaries=[NotaryInfo(identity=O=Notary, L=London, C=GB, validating=false)]
      maxMessageSize=10485760
      maxTransactionSize=524288000
      whitelistedContractImplementations {
        
      }
      eventHorizon=PT720H
      packageOwnership {
        
      }
      modifiedTime=2022-04-16T15:24:10.560Z
      epoch=1
  }
[INFO ] 2022-05-01T14:53:54,675Z [main] hikari.HikariDataSource. - HikariPool-1 - Starting...
[INFO ] 2022-05-01T14:53:57,622Z [main] hikari.HikariDataSource. - HikariPool-1 - Start completed.
[INFO ] 2022-05-01T14:54:10,170Z [main] jvm.JdbcExecutor. - SELECT MD5SUM FROM PUBLIC.DATABASECHANGELOG WHERE MD5SUM IS NOT NULL
[INFO ] 2022-05-01T14:54:10,260Z [main] jvm.JdbcExecutor. - SELECT COUNT(*) FROM PUBLIC.DATABASECHANGELOG
[INFO ] 2022-05-01T14:54:10,261Z [main] changelog.StandardChangeLogHistoryService. - Reading from PUBLIC.DATABASECHANGELOG
[INFO ] 2022-05-01T14:54:10,261Z [main] jvm.JdbcExecutor. - SELECT * FROM PUBLIC.DATABASECHANGELOG ORDER BY DATEEXECUTED ASC, ORDEREXECUTED ASC
[INFO ] 2022-05-01T14:54:10,292Z [main] jvm.JdbcExecutor. - SELECT COUNT(*) FROM PUBLIC.DATABASECHANGELOGLOCK
[INFO ] 2022-05-01T14:54:10,293Z [main] jvm.JdbcExecutor. - SELECT COUNT(*) FROM PUBLIC.DATABASECHANGELOGLOCK
[INFO ] 2022-05-01T14:54:11,055Z [main] jvm.JdbcExecutor. - SELECT MD5SUM FROM PUBLIC.DATABASECHANGELOG WHERE MD5SUM IS NOT NULL
[INFO ] 2022-05-01T14:54:11,057Z [main] jvm.JdbcExecutor. - SELECT COUNT(*) FROM PUBLIC.DATABASECHANGELOG
[INFO ] 2022-05-01T14:54:11,057Z [main] changelog.StandardChangeLogHistoryService. - Reading from PUBLIC.DATABASECHANGELOG
[INFO ] 2022-05-01T14:54:11,057Z [main] jvm.JdbcExecutor. - SELECT * FROM PUBLIC.DATABASECHANGELOG ORDER BY DATEEXECUTED ASC, ORDEREXECUTED ASC
[INFO ] 2022-05-01T14:54:11,066Z [main] jvm.JdbcExecutor. - SELECT COUNT(*) FROM PUBLIC.DATABASECHANGELOGLOCK
[INFO ] 2022-05-01T14:54:11,067Z [main] jvm.JdbcExecutor. - SELECT COUNT(*) FROM PUBLIC.DATABASECHANGELOGLOCK
[INFO ] 2022-05-01T14:54:11,349Z [main] internal.Node. - Connected to H2 database.
[INFO ] 2022-05-01T14:54:12,129Z [main] persistence.HibernateConfiguration. - Init HibernateConfiguration for schemas: [CommonSchemaV1(name=net.corda.core.schemas.CommonSchema, version=1), VaultSchemaV1(name=net.corda.node.services.vault.VaultSchema, version=1), NodeInfoSchemaV1(name=net.corda.node.internal.schemas.NodeInfoSchema, version=1), NodeCoreV1(name=net.corda.node.services.schema.NodeSchemaService$NodeCore, version=1), CashSchemaV1(name=net.corda.finance.schemas.CashSchema, version=1), CommercialPaperSchemaV1(name=net.corda.finance.schemas.CommercialPaperSchema, version=1)]
[INFO ] 2022-05-01T14:54:12,132Z [main] factory.BaseSessionFactoryFactory. - Creating session factory for schemas: [CommonSchemaV1(name=net.corda.core.schemas.CommonSchema, version=1), VaultSchemaV1(name=net.corda.node.services.vault.VaultSchema, version=1), NodeInfoSchemaV1(name=net.corda.node.internal.schemas.NodeInfoSchema, version=1), NodeCoreV1(name=net.corda.node.services.schema.NodeSchemaService$NodeCore, version=1), CashSchemaV1(name=net.corda.finance.schemas.CashSchema, version=1), CommercialPaperSchemaV1(name=net.corda.finance.schemas.CommercialPaperSchema, version=1)]
[INFO ] 2022-05-01T14:54:27,777Z [main] factory.BaseSessionFactoryFactory. - Created session factory for schemas: [CommonSchemaV1(name=net.corda.core.schemas.CommonSchema, version=1), VaultSchemaV1(name=net.corda.node.services.vault.VaultSchema, version=1), NodeInfoSchemaV1(name=net.corda.node.internal.schemas.NodeInfoSchema, version=1), NodeCoreV1(name=net.corda.node.services.schema.NodeSchemaService$NodeCore, version=1), CashSchemaV1(name=net.corda.finance.schemas.CashSchema, version=1), CommercialPaperSchemaV1(name=net.corda.finance.schemas.CommercialPaperSchema, version=1)]
[INFO ] 2022-05-01T14:54:30,242Z [main] network.NetworkMapUpdater. - Auto-accept enabled for network parameter changes which modify only: [epoch, modifiedTime, packageOwnership, whitelistedContractImplementations]
[INFO ] 2022-05-01T14:54:30,856Z [main] security.RPCSecurityManagerImpl. - Constructing realm from list of users in config [User(user1, permissions=[ALL])]
[INFO ] 2022-05-01T14:54:31,333Z [RxIoScheduler-2] network.PersistentNetworkMapCache. - Adding node with info: NodeInfo(addresses=[localhost:10007], legalIdentitiesAndCerts=[O=ParticipantA, L=London, C=GB], platformVersion=10, serial=1650122630387), owningKey=DLBk1uA2qzfzvH5S2osjf9mccunZygVugB1d6t8BQZ2VsN
[INFO ] 2022-05-01T14:54:31,333Z [RxIoScheduler-2] network.PersistentNetworkMapCache. - Previous node was identical to incoming one - doing nothing
[INFO ] 2022-05-01T14:54:31,412Z [RxIoScheduler-2] network.PersistentNetworkMapCache. - Adding node with info: NodeInfo(addresses=[localhost:10013], legalIdentitiesAndCerts=[O=ParticipantC, L=Paris, C=FR], platformVersion=10, serial=1650122628841), owningKey=DLFbNYSuq8YiFG7NqCmNhvq5CpkckFAZ1PUWJNbF1SkTyt
[INFO ] 2022-05-01T14:54:31,413Z [RxIoScheduler-2] network.PersistentNetworkMapCache. - Previous node was identical to incoming one - doing nothing
[INFO ] 2022-05-01T14:54:31,477Z [RxIoScheduler-2] network.PersistentNetworkMapCache. - Adding node with info: NodeInfo(addresses=[localhost:10010], legalIdentitiesAndCerts=[O=ParticipantB, L=New York, C=US], platformVersion=10, serial=1650122629780), owningKey=DL4FHYEUMzPFnAvEGKVHFKfffrjTGx6A58zcUTc33Xu2mX
[INFO ] 2022-05-01T14:54:31,477Z [RxIoScheduler-2] network.PersistentNetworkMapCache. - Previous node was identical to incoming one - doing nothing
[INFO ] 2022-05-01T14:54:31,512Z [RxIoScheduler-2] network.PersistentNetworkMapCache. - Adding node with info: NodeInfo(addresses=[localhost:10002], legalIdentitiesAndCerts=[O=Notary, L=London, C=GB], platformVersion=10, serial=1650122631726), owningKey=DL6sSpyfuxYBbaGaje95muBQCczptQ2cnZjCPuCFVYoPdc
[INFO ] 2022-05-01T14:54:31,512Z [RxIoScheduler-2] network.PersistentNetworkMapCache. - Previous node was identical to incoming one - doing nothing
[INFO ] 2022-05-01T14:54:34,956Z [main] BasicInfo. - Advertised P2P messaging addresses      : localhost:10007
[INFO ] 2022-05-01T14:54:34,964Z [main] BasicInfo. - RPC connection address                  : 0.0.0.0:10008
[INFO ] 2022-05-01T14:54:34,965Z [main] BasicInfo. - RPC admin connection address            : 0.0.0.0:10108
[INFO ] 2022-05-01T14:54:53,130Z [main] messaging.ArtemisMessagingServer. - P2P messaging server listening on 0.0.0.0:10007
[INFO ] 2022-05-01T14:55:02,201Z [main] internal.ArtemisMessagingClient. - Connecting to message broker: localhost:10007
[INFO ] 2022-05-01T14:55:10,045Z [main] internal.ArtemisMessagingClient. - Connecting to message broker: localhost:10007
[INFO ] 2022-05-01T14:55:10,350Z [main] bridging.BridgeControlListener. - Found inboxes: [p2p.inbound.DLBk1uA2qzfzvH5S2osjf9mccunZygVugB1d6t8BQZ2VsN]
[INFO ] 2022-05-01T14:55:10,687Z [main] messaging.P2PMessagingClient. - Connecting to message broker: localhost:10007
[INFO ] 2022-05-01T14:55:11,997Z [Thread-4 (ActiveMQ-client-global-threads)] bridging.BridgeControlListener. - Received bridge control message NodeToBridgeSnapshot(nodeIdentity=O=ParticipantA, L=London, C=GB, inboxQueues=[p2p.inbound.DLBk1uA2qzfzvH5S2osjf9mccunZygVugB1d6t8BQZ2VsN], sendQueues=[])
[INFO ] 2022-05-01T14:55:12,005Z [Thread-4 (ActiveMQ-client-global-threads)] bridging.BridgeControlListener. - Added inbox: [p2p.inbound.DLBk1uA2qzfzvH5S2osjf9mccunZygVugB1d6t8BQZ2VsN]. Current inboxes: [p2p.inbound.DLBk1uA2qzfzvH5S2osjf9mccunZygVugB1d6t8BQZ2VsN].
[INFO ] 2022-05-01T14:55:13,771Z [main] ClassloaderUtils. - Contracts loading for 'C:\Users\Acer\AppData\Local\Temp\attachment8054682760122213793.jar' took 70 msec
[INFO ] 2022-05-01T14:55:14,432Z [main] ClassloaderUtils. - Contracts loading for 'C:\Users\Acer\AppData\Local\Temp\attachment8693680133091381866.jar' took 64 msec
[INFO ] 2022-05-01T14:55:15,132Z [main] cordapp.CordappConfigFileProvider. - No config found for cordapp corda-finance-workflows-4.8.5 in [C:\Users\Acer\Desktop\project_cordaBlockchain\sample-java-lastversion\Advanced\obligation-cordapp\build\nodes\ParticipantA\cordapps\config]
[INFO ] 2022-05-01T14:55:15,132Z [main] internal.Node. - Installed net.corda.finance.internal.ConfigHolder Corda service
[INFO ] 2022-05-01T14:55:20,824Z [main] statemachine.SingleThreadedStateMachineManager. - Node ready, info: NodeInfo(addresses=[localhost:10007], legalIdentitiesAndCerts=[O=ParticipantA, L=London, C=GB], platformVersion=10, serial=1650122630387)
[INFO ] 2022-05-01T14:55:21,265Z [Node thread-1] internal.Node. - Registering JMX reporter:
[INFO ] 2022-05-01T14:55:21,295Z [Node thread-1] internal.Node. - Registering Jolokia JMX reporter:
[INFO ] 2022-05-01T14:55:21,364Z [main] BasicInfo. - Loaded 5 CorDapp(s)                     : Contract CorDapp: Obligation CorDapp Contracts version 1 by vendor Corda Open Source with licence Apache License, Version 2.0, CorDapp corda-confidential-identities-4.8.5 version Unknown by Unknown with licence Unknown, Contract CorDapp: Corda Finance Demo version 1 by vendor R3 with licence Open Source (Apache 2), Workflow CorDapp: Corda Finance Demo version 1 by vendor R3 with licence Open Source (Apache 2), Workflow CorDapp: Obligation CorDapp Flows version 1 by vendor Corda Open Source with licence Apache License, Version 2.0
[WARN ] 2022-05-01T14:55:21,364Z [main] internal.Node. - CorDapp corda-confidential-identities-4.8.5 version Unknown by Unknown with licence Unknown will be unable to run on Corda in the future due to missing entries in JAR's manifest file.
[INFO ] 2022-05-01T14:55:21,403Z [main] BasicInfo. - Node for "ParticipantA" started up and registered in 160.25 sec
[INFO ] 2022-05-01T14:55:22,115Z [main] rpc.RPCServer. - Starting RPC server with configuration RPCServerConfiguration(rpcThreadPoolSize=4, reapInterval=PT1S, deduplicationCacheExpiry=PT24H)
[INFO ] 2022-05-01T14:55:22,759Z [main] BasicInfo. - Running P2PMessaging loop
[INFO ] 2022-05-01T14:55:22,808Z [main] messaging.P2PMessagingClient. - Status change to true
[INFO ] 2022-05-01T14:55:22,847Z [main] internal.Node. - MessagingService active change to: true
[INFO ] 2022-05-01T14:58:16,467Z [Thread-13 (ActiveMQ-client-global-threads)] rpc.RPCServer. - Detected RPC client disconnect on address rpc.client.user1.6955930617584076501, scheduling for reaping
[INFO ] 2022-05-01T14:58:18,315Z [Thread-14 (ActiveMQ-client-global-threads)] rpc.RPCServer. - Detected RPC client disconnect on address rpc.client.user1.1999449760463175110, scheduling for reaping
[INFO ] 2022-05-01T15:35:12,636Z [Node thread-1] messaging.P2PMessagingClient. - Start bridge for previously empty queue internal.peers.DLFbNYSuq8YiFG7NqCmNhvq5CpkckFAZ1PUWJNbF1SkTyt {actor_id=user1, actor_owning_identity=O=ParticipantA, L=London, C=GB, actor_store_id=NODE_CONFIG, fiber-id=10000001, flow-id=72556b07-154f-4414-a193-c48ee66b4c9d, invocation_id=9f4503a4-f05f-4059-94a1-3e337fccee0e, invocation_timestamp=2022-05-01T15:35:10.546Z, origin=user1, session_id=473cc23c-4d2f-40d0-a017-1d7309f9c3ec, session_timestamp=2022-05-01T14:57:34.482Z, thread-id=273}
[INFO ] 2022-05-01T15:35:12,674Z [Thread-68 (ActiveMQ-client-global-threads)] bridging.BridgeControlListener. - Received bridge control message Create(nodeIdentity=O=ParticipantA, L=London, C=GB, bridgeInfo=BridgeEntry(queueName=internal.peers.DLFbNYSuq8YiFG7NqCmNhvq5CpkckFAZ1PUWJNbF1SkTyt, targets=[localhost:10013], legalNames=[O=ParticipantC, L=Paris, C=FR], serviceAddress=false))
[INFO ] 2022-05-01T15:35:12,817Z [Thread-68 (ActiveMQ-client-global-threads)] bridging.AMQPBridgeManager$AMQPBridge. - Create new AMQP bridge {legalNames=O=ParticipantC, L=Paris, C=FR, maxMessageSize=10485760, queueName=internal.peers.DLFbNYSuq8YiFG7NqCmNhvq5CpkckFAZ1PUWJNbF1SkTyt, source=O=ParticipantA, L=London, C=GB, targets=localhost:10013}
[INFO ] 2022-05-01T15:35:12,819Z [Thread-68 (ActiveMQ-client-global-threads)] netty.AMQPClient. - Connect to: localhost:10013
[INFO ] 2022-05-01T15:35:14,105Z [nioEventLoopGroup-2-1] netty.AMQPClient. - Connected to localhost:10013, Local address: /127.0.0.1:57943
[INFO ] 2022-05-01T15:35:14,110Z [nioEventLoopGroup-2-1] netty.AMQPChannelHandler. - New client connection ed55ccec from localhost/127.0.0.1:10013 to /127.0.0.1:57943 {allowedRemoteLegalNames=O=ParticipantC, L=Paris, C=FR, localCert=null, remoteAddress=localhost/127.0.0.1:10013, remoteCert=null, serverMode=false}
[INFO ] 2022-05-01T15:35:14,207Z [nioEventLoopGroup-2-1] netty.LoggingTrustManagerWrapper. - Check Server Certpath:
  C=FR,L=Paris,O=ParticipantC[0307A14E02E3BE36EF7448B4564067598935A27A] issued by C=FR,L=Paris,O=ParticipantC[888010A876CF994189CBD48EC2C1ABA730DEC890] [NO CRLDP ext]
  C=FR,L=Paris,O=ParticipantC[888010A876CF994189CBD48EC2C1ABA730DEC890] issued by C=US,L=New York,OU=Corda,O=R3 HoldCo LLC,CN=Corda Doorman CA[EBEE2E30152940AE19981ED86FE37D7F07A2C213] [NO CRLDP ext]
  C=US,L=New York,OU=Corda,O=R3 HoldCo LLC,CN=Corda Doorman CA[EBEE2E30152940AE19981ED86FE37D7F07A2C213] issued by CN=Corda Node Root CA,O=R3,OU=corda,L=London,C=UK[7CAEA9DFB948012B13890B9AE645851C39170773] [NO CRLDP ext]
  CN=Corda Node Root CA,O=R3,OU=corda,L=London,C=UK[7CAEA9DFB948012B13890B9AE645851C39170773] issued by CN=Corda Node Root CA,O=R3,OU=corda,L=London,C=UK[null] [NO CRLDP ext]
[INFO ] 2022-05-01T15:35:14,272Z [nioEventLoopGroup-2-1] netty.AMQPChannelHandler. - Handshake completed with subject: O=ParticipantC, L=Paris, C=FR, requested server name: 230f199ec5c38225d8bbdeee3fbd65c0.corda.net. {allowedRemoteLegalNames=O=ParticipantC, L=Paris, C=FR, localCert=O=ParticipantA, L=London, C=GB, remoteAddress=localhost/127.0.0.1:10013, remoteCert=O=ParticipantC, L=Paris, C=FR, serverMode=false}
[INFO ] 2022-05-01T15:35:14,382Z [nioEventLoopGroup-2-1] bridging.AMQPBridgeManager$AMQPBridge. - Bridge Connected {legalNames=O=ParticipantC, L=Paris, C=FR, maxMessageSize=10485760, queueName=internal.peers.DLFbNYSuq8YiFG7NqCmNhvq5CpkckFAZ1PUWJNbF1SkTyt, source=O=ParticipantA, L=London, C=GB, targets=localhost:10013}
[INFO ] 2022-05-01T15:35:14,391Z [nioEventLoopGroup-2-2] bridging.AMQPBridgeManager$AMQPBridge. - Bridge Connected so starting Artemis {legalNames=O=ParticipantC, L=Paris, C=FR, maxMessageSize=10485760, queueName=internal.peers.DLFbNYSuq8YiFG7NqCmNhvq5CpkckFAZ1PUWJNbF1SkTyt, source=O=ParticipantA, L=London, C=GB, targets=localhost:10013}
[INFO ] 2022-05-01T15:35:14,391Z [nioEventLoopGroup-2-2] bridging.AMQPBridgeManager$AMQPBridge. - Creating session and consumer. {legalNames=O=ParticipantC, L=Paris, C=FR, maxMessageSize=10485760, queueName=internal.peers.DLFbNYSuq8YiFG7NqCmNhvq5CpkckFAZ1PUWJNbF1SkTyt, source=O=ParticipantA, L=London, C=GB, targets=localhost:10013}
[INFO ] 2022-05-01T15:35:14,397Z [nioEventLoopGroup-2-1] engine.ConnectionStateMachine. - Connection local open [id: 0xed55ccec, L:/127.0.0.1:57943 - R:localhost/127.0.0.1:10013] {conn=[id: 0xed55ccec, L:/127.0.0.1:57943 - R:localhost/127.0.0.1:10013], localLegalName=O=ParticipantA, L=London, C=GB, remoteLegalName=O=ParticipantC, L=Paris, C=FR, serverMode=false}
[INFO ] 2022-05-01T15:35:20,516Z [Node thread-1] corda.flow. - No need to notarise this transaction. {actor_id=user1, actor_owning_identity=O=ParticipantA, L=London, C=GB, actor_store_id=NODE_CONFIG, fiber-id=10000001, flow-id=72556b07-154f-4414-a193-c48ee66b4c9d, invocation_id=9f4503a4-f05f-4059-94a1-3e337fccee0e, invocation_timestamp=2022-05-01T15:35:10.546Z, origin=user1, session_id=473cc23c-4d2f-40d0-a017-1d7309f9c3ec, session_timestamp=2022-05-01T14:57:34.482Z, thread-id=273, tx_id=251FA7FEF416F15373FF68B630FE9FD48E1CD561B063091725181AE0D73AB1D9}
[INFO ] 2022-05-01T15:35:20,516Z [Node thread-1] corda.flow. - Recording transaction locally. {actor_id=user1, actor_owning_identity=O=ParticipantA, L=London, C=GB, actor_store_id=NODE_CONFIG, fiber-id=10000001, flow-id=72556b07-154f-4414-a193-c48ee66b4c9d, invocation_id=9f4503a4-f05f-4059-94a1-3e337fccee0e, invocation_timestamp=2022-05-01T15:35:10.546Z, origin=user1, session_id=473cc23c-4d2f-40d0-a017-1d7309f9c3ec, session_timestamp=2022-05-01T14:57:34.482Z, thread-id=273, tx_id=251FA7FEF416F15373FF68B630FE9FD48E1CD561B063091725181AE0D73AB1D9}
[INFO ] 2022-05-01T15:35:20,633Z [Node thread-1] corda.flow. - Recorded transaction locally successfully. {actor_id=user1, actor_owning_identity=O=ParticipantA, L=London, C=GB, actor_store_id=NODE_CONFIG, fiber-id=10000001, flow-id=72556b07-154f-4414-a193-c48ee66b4c9d, invocation_id=9f4503a4-f05f-4059-94a1-3e337fccee0e, invocation_timestamp=2022-05-01T15:35:10.546Z, origin=user1, session_id=473cc23c-4d2f-40d0-a017-1d7309f9c3ec, session_timestamp=2022-05-01T14:57:34.482Z, thread-id=273, tx_id=251FA7FEF416F15373FF68B630FE9FD48E1CD561B063091725181AE0D73AB1D9}
[INFO ] 2022-05-01T15:35:20,924Z [Node thread-1] corda.flow. - Party O=ParticipantC, L=Paris, C=FR received the transaction. {actor_id=user1, actor_owning_identity=O=ParticipantA, L=London, C=GB, actor_store_id=NODE_CONFIG, fiber-id=10000001, flow-id=72556b07-154f-4414-a193-c48ee66b4c9d, invocation_id=9f4503a4-f05f-4059-94a1-3e337fccee0e, invocation_timestamp=2022-05-01T15:35:10.546Z, origin=user1, session_id=473cc23c-4d2f-40d0-a017-1d7309f9c3ec, session_timestamp=2022-05-01T14:57:34.482Z, thread-id=273, tx_id=251FA7FEF416F15373FF68B630FE9FD48E1CD561B063091725181AE0D73AB1D9}
[INFO ] 2022-05-01T15:35:20,924Z [Node thread-1] corda.flow. - All parties received the transaction successfully. {actor_id=user1, actor_owning_identity=O=ParticipantA, L=London, C=GB, actor_store_id=NODE_CONFIG, fiber-id=10000001, flow-id=72556b07-154f-4414-a193-c48ee66b4c9d, invocation_id=9f4503a4-f05f-4059-94a1-3e337fccee0e, invocation_timestamp=2022-05-01T15:35:10.546Z, origin=user1, session_id=473cc23c-4d2f-40d0-a017-1d7309f9c3ec, session_timestamp=2022-05-01T14:57:34.482Z, thread-id=273, tx_id=251FA7FEF416F15373FF68B630FE9FD48E1CD561B063091725181AE0D73AB1D9}
[INFO ] 2022-05-01T15:36:19,644Z [Node thread-1] identity.PersistentIdentityService. - Linking: 82A713FCF9B993502468EB31F059BE13B3265CFB02CC490DFB43C214D5E5159B to O=ParticipantA, L=London, C=GB {actor_id=user1, actor_owning_identity=O=ParticipantA, L=London, C=GB, actor_store_id=NODE_CONFIG, fiber-id=10000002, flow-id=1b9e04c2-fd6d-4ef9-b324-324672efb200, invocation_id=aa1085d7-f35e-4f4b-998c-aadc29537df7, invocation_timestamp=2022-05-01T15:36:19.232Z, origin=user1, session_id=473cc23c-4d2f-40d0-a017-1d7309f9c3ec, session_timestamp=2022-05-01T14:57:34.482Z, thread-id=273}
[INFO ] 2022-05-01T15:36:21,446Z [Node thread-1] corda.flow. - Sending transaction to notary: O=Notary, L=London, C=GB. {actor_id=user1, actor_owning_identity=O=ParticipantA, L=London, C=GB, actor_store_id=NODE_CONFIG, fiber-id=10000002, flow-id=1b9e04c2-fd6d-4ef9-b324-324672efb200, invocation_id=aa1085d7-f35e-4f4b-998c-aadc29537df7, invocation_timestamp=2022-05-01T15:36:19.232Z, origin=user1, session_id=473cc23c-4d2f-40d0-a017-1d7309f9c3ec, session_timestamp=2022-05-01T14:57:34.482Z, thread-id=273, tx_id=B06B6872F4EDA4341FECB88A80BA2ED9ACF4CE259B58DFB749469916557B8DE5}
[INFO ] 2022-05-01T15:36:21,560Z [Node thread-1] messaging.P2PMessagingClient. - Start bridge for previously empty queue internal.peers.DL6sSpyfuxYBbaGaje95muBQCczptQ2cnZjCPuCFVYoPdc {actor_id=user1, actor_owning_identity=O=ParticipantA, L=London, C=GB, actor_store_id=NODE_CONFIG, fiber-id=10000002, flow-id=1b9e04c2-fd6d-4ef9-b324-324672efb200, invocation_id=aa1085d7-f35e-4f4b-998c-aadc29537df7, invocation_timestamp=2022-05-01T15:36:19.232Z, origin=user1, session_id=473cc23c-4d2f-40d0-a017-1d7309f9c3ec, session_timestamp=2022-05-01T14:57:34.482Z, thread-id=273, tx_id=B06B6872F4EDA4341FECB88A80BA2ED9ACF4CE259B58DFB749469916557B8DE5}
[INFO ] 2022-05-01T15:36:21,572Z [Thread-103 (ActiveMQ-client-global-threads)] bridging.BridgeControlListener. - Received bridge control message Create(nodeIdentity=O=ParticipantA, L=London, C=GB, bridgeInfo=BridgeEntry(queueName=internal.peers.DL6sSpyfuxYBbaGaje95muBQCczptQ2cnZjCPuCFVYoPdc, targets=[localhost:10002], legalNames=[O=Notary, L=London, C=GB], serviceAddress=false))
[INFO ] 2022-05-01T15:36:21,576Z [Thread-103 (ActiveMQ-client-global-threads)] bridging.AMQPBridgeManager$AMQPBridge. - Create new AMQP bridge {legalNames=O=Notary, L=London, C=GB, maxMessageSize=10485760, queueName=internal.peers.DL6sSpyfuxYBbaGaje95muBQCczptQ2cnZjCPuCFVYoPdc, source=O=ParticipantA, L=London, C=GB, targets=localhost:10002}
[INFO ] 2022-05-01T15:36:21,576Z [Thread-103 (ActiveMQ-client-global-threads)] netty.AMQPClient. - Connect to: localhost:10002
[INFO ] 2022-05-01T15:36:21,585Z [nioEventLoopGroup-2-3] netty.AMQPClient. - Connected to localhost:10002, Local address: /127.0.0.1:57986
[INFO ] 2022-05-01T15:36:21,586Z [nioEventLoopGroup-2-3] netty.AMQPChannelHandler. - New client connection 1f03c0c9 from localhost/127.0.0.1:10002 to /127.0.0.1:57986 {allowedRemoteLegalNames=O=Notary, L=London, C=GB, localCert=null, remoteAddress=localhost/127.0.0.1:10002, remoteCert=null, serverMode=false}
[INFO ] 2022-05-01T15:36:21,666Z [nioEventLoopGroup-2-3] netty.LoggingTrustManagerWrapper. - Check Server Certpath:
  C=GB,L=London,O=Notary[1C6038D2CA2B3552CB6F6F1D70187EACA7867398] issued by C=GB,L=London,O=Notary[FAC0A583412FC1CB5E9C2BA1EA99027D37792D1F] [NO CRLDP ext]
  C=GB,L=London,O=Notary[FAC0A583412FC1CB5E9C2BA1EA99027D37792D1F] issued by C=US,L=New York,OU=Corda,O=R3 HoldCo LLC,CN=Corda Doorman CA[EBEE2E30152940AE19981ED86FE37D7F07A2C213] [NO CRLDP ext]
  C=US,L=New York,OU=Corda,O=R3 HoldCo LLC,CN=Corda Doorman CA[EBEE2E30152940AE19981ED86FE37D7F07A2C213] issued by CN=Corda Node Root CA,O=R3,OU=corda,L=London,C=UK[7CAEA9DFB948012B13890B9AE645851C39170773] [NO CRLDP ext]
  CN=Corda Node Root CA,O=R3,OU=corda,L=London,C=UK[7CAEA9DFB948012B13890B9AE645851C39170773] issued by CN=Corda Node Root CA,O=R3,OU=corda,L=London,C=UK[null] [NO CRLDP ext]
[INFO ] 2022-05-01T15:36:21,699Z [nioEventLoopGroup-2-3] netty.AMQPChannelHandler. - Handshake completed with subject: O=Notary, L=London, C=GB, requested server name: 6c8fe8aedf1407f079392640a80b6140.corda.net. {allowedRemoteLegalNames=O=Notary, L=London, C=GB, localCert=O=ParticipantA, L=London, C=GB, remoteAddress=localhost/127.0.0.1:10002, remoteCert=O=Notary, L=London, C=GB, serverMode=false}
[INFO ] 2022-05-01T15:36:21,700Z [nioEventLoopGroup-2-3] bridging.AMQPBridgeManager$AMQPBridge. - Bridge Connected {legalNames=O=Notary, L=London, C=GB, maxMessageSize=10485760, queueName=internal.peers.DL6sSpyfuxYBbaGaje95muBQCczptQ2cnZjCPuCFVYoPdc, source=O=ParticipantA, L=London, C=GB, targets=localhost:10002}
[INFO ] 2022-05-01T15:36:21,701Z [nioEventLoopGroup-2-3] engine.ConnectionStateMachine. - Connection local open [id: 0x1f03c0c9, L:/127.0.0.1:57986 - R:localhost/127.0.0.1:10002] {conn=[id: 0x1f03c0c9, L:/127.0.0.1:57986 - R:localhost/127.0.0.1:10002], localLegalName=O=ParticipantA, L=London, C=GB, remoteLegalName=O=Notary, L=London, C=GB, serverMode=false}
[INFO ] 2022-05-01T15:36:21,702Z [nioEventLoopGroup-2-4] bridging.AMQPBridgeManager$AMQPBridge. - Bridge Connected so starting Artemis {legalNames=O=Notary, L=London, C=GB, maxMessageSize=10485760, queueName=internal.peers.DL6sSpyfuxYBbaGaje95muBQCczptQ2cnZjCPuCFVYoPdc, source=O=ParticipantA, L=London, C=GB, targets=localhost:10002}
[INFO ] 2022-05-01T15:36:21,702Z [nioEventLoopGroup-2-4] bridging.AMQPBridgeManager$AMQPBridge. - Creating session and consumer. {legalNames=O=Notary, L=London, C=GB, maxMessageSize=10485760, queueName=internal.peers.DL6sSpyfuxYBbaGaje95muBQCczptQ2cnZjCPuCFVYoPdc, source=O=ParticipantA, L=London, C=GB, targets=localhost:10002}
[INFO ] 2022-05-01T15:36:25,198Z [Node thread-1] corda.flow. - Notary responded (O=Notary, L=London, C=GB). {actor_id=user1, actor_owning_identity=O=ParticipantA, L=London, C=GB, actor_store_id=NODE_CONFIG, fiber-id=10000002, flow-id=1b9e04c2-fd6d-4ef9-b324-324672efb200, invocation_id=aa1085d7-f35e-4f4b-998c-aadc29537df7, invocation_timestamp=2022-05-01T15:36:19.232Z, origin=user1, session_id=473cc23c-4d2f-40d0-a017-1d7309f9c3ec, session_timestamp=2022-05-01T14:57:34.482Z, thread-id=273, tx_id=B06B6872F4EDA4341FECB88A80BA2ED9ACF4CE259B58DFB749469916557B8DE5}
[INFO ] 2022-05-01T15:36:25,199Z [Node thread-1] corda.flow. - Recording transaction locally. {actor_id=user1, actor_owning_identity=O=ParticipantA, L=London, C=GB, actor_store_id=NODE_CONFIG, fiber-id=10000002, flow-id=1b9e04c2-fd6d-4ef9-b324-324672efb200, invocation_id=aa1085d7-f35e-4f4b-998c-aadc29537df7, invocation_timestamp=2022-05-01T15:36:19.232Z, origin=user1, session_id=473cc23c-4d2f-40d0-a017-1d7309f9c3ec, session_timestamp=2022-05-01T14:57:34.482Z, thread-id=273, tx_id=B06B6872F4EDA4341FECB88A80BA2ED9ACF4CE259B58DFB749469916557B8DE5}
[INFO ] 2022-05-01T15:36:25,245Z [Node thread-1] corda.flow. - Recorded transaction locally successfully. {actor_id=user1, actor_owning_identity=O=ParticipantA, L=London, C=GB, actor_store_id=NODE_CONFIG, fiber-id=10000002, flow-id=1b9e04c2-fd6d-4ef9-b324-324672efb200, invocation_id=aa1085d7-f35e-4f4b-998c-aadc29537df7, invocation_timestamp=2022-05-01T15:36:19.232Z, origin=user1, session_id=473cc23c-4d2f-40d0-a017-1d7309f9c3ec, session_timestamp=2022-05-01T14:57:34.482Z, thread-id=273, tx_id=B06B6872F4EDA4341FECB88A80BA2ED9ACF4CE259B58DFB749469916557B8DE5}
[INFO ] 2022-05-01T15:36:25,699Z [Node thread-1] corda.flow. - Party O=ParticipantC, L=Paris, C=FR received the transaction. {actor_id=user1, actor_owning_identity=O=ParticipantA, L=London, C=GB, actor_store_id=NODE_CONFIG, fiber-id=10000002, flow-id=1b9e04c2-fd6d-4ef9-b324-324672efb200, invocation_id=aa1085d7-f35e-4f4b-998c-aadc29537df7, invocation_timestamp=2022-05-01T15:36:19.232Z, origin=user1, session_id=473cc23c-4d2f-40d0-a017-1d7309f9c3ec, session_timestamp=2022-05-01T14:57:34.482Z, thread-id=273, tx_id=B06B6872F4EDA4341FECB88A80BA2ED9ACF4CE259B58DFB749469916557B8DE5}
[INFO ] 2022-05-01T15:36:25,699Z [Node thread-1] corda.flow. - All parties received the transaction successfully. {actor_id=user1, actor_owning_identity=O=ParticipantA, L=London, C=GB, actor_store_id=NODE_CONFIG, fiber-id=10000002, flow-id=1b9e04c2-fd6d-4ef9-b324-324672efb200, invocation_id=aa1085d7-f35e-4f4b-998c-aadc29537df7, invocation_timestamp=2022-05-01T15:36:19.232Z, origin=user1, session_id=473cc23c-4d2f-40d0-a017-1d7309f9c3ec, session_timestamp=2022-05-01T14:57:34.482Z, thread-id=273, tx_id=B06B6872F4EDA4341FECB88A80BA2ED9ACF4CE259B58DFB749469916557B8DE5}
[WARN ] 2022-05-01T15:44:50,918Z [Thread-14] core.client. - AMQ212037: Connection failure has been detected: An existing connection was forcibly closed by the remote host [code=GENERIC_EXCEPTION]
[INFO ] 2022-05-01T15:44:50,924Z [Thread-119 (ActiveMQ-client-global-threads)] rpc.RPCServer. - Detected RPC client disconnect on address rpc.client.user1.6844452231879929345, scheduling for reaping
