[INFO ] 2022-05-01T18:25:09,672Z [main] server.Server.logStarting - Starting Server on LAPTOP-HDGRML9K with PID 22288 (C:\Users\Acer\Desktop\project_cordaBlockchain\corda-oracle-db-client-v1\claim-system\clients\build\classes\java\main started by Acer in C:\Users\Acer\Desktop\project_cordaBlockchain\corda-oracle-db-client-v1\claim-system\clients)
[INFO ] 2022-05-01T18:25:09,851Z [main] server.Server.logStartupProfileInfo - No active profile set, falling back to default profiles: default
[INFO ] 2022-05-01T18:25:10,034Z [main] context.AnnotationConfigServletWebServerApplicationContext.prepareRefresh - Refreshing org.springframework.boot.web.servlet.context.AnnotationConfigServletWebServerApplicationContext@71370fec: startup date [Mon May 02 01:25:10 ICT 2022]; root of context hierarchy
[INFO ] 2022-05-01T18:25:21,470Z [main] tomcat.TomcatWebServer.initialize - Tomcat initialized with port(s): 4000 (http)
[INFO ] 2022-05-01T18:25:21,523Z [main] http11.Http11NioProtocol.log - Initializing ProtocolHandler ["http-nio-4000"]
[INFO ] 2022-05-01T18:25:21,551Z [main] core.StandardService.log - Starting service [Tomcat]
[INFO ] 2022-05-01T18:25:21,555Z [main] core.StandardEngine.log - Starting Servlet Engine: Apache Tomcat/8.5.31
[INFO ] 2022-05-01T18:25:21,572Z [localhost-startStop-1] core.AprLifecycleListener.log - The APR based Apache Tomcat Native library which allows optimal performance in production environments was not found on the java.library.path: [C:\Program Files\Java\jdk1.8.0_171\bin;C:\WINDOWS\Sun\Java\bin;C:\WINDOWS\system32;C:\WINDOWS;C:\Python310\Scripts\;C:\Python310\;C:\Program Files (x86)\VMware\VMware Workstation\bin\;C:\Program Files (x86)\Common Files\Oracle\Java\javapath;C:\Program Files (x86)\Intel\Intel(R) Management Engine Components\iCLS\;C:\Program Files\Intel\Intel(R) Management Engine Components\iCLS\;C:\Windows\system32;C:\Windows;C:\Windows\System32\Wbem;C:\Windows\System32\WindowsPowerShell\v1.0\;C:\Program Files (x86)\Intel\Intel(R) Management Engine Components\DAL;C:\Program Files\Intel\Intel(R) Management Engine Components\DAL;C:\Program Files (x86)\Intel\Intel(R) Management Engine Components\IPT;C:\Program Files\Intel\Intel(R) Management Engine Components\IPT;C:\Program Files (x86)\NVIDIA Corporation\PhysX\Common;C:\Program Files\Intel\WiFi\bin\;C:\Program Files\Common Files\Intel\WirelessCommon\;C:\Windows\System32\OpenSSH\;C:\Program Files\Git\cmd;C:\Program Files\NVIDIA Corporation\NVIDIA NvDLISR;C:\Users\Acer\AppData\Local\Programs\Python\Python39;C:\Users\Acer\AppData\Local\Programs\Python\Python39\Scripts;C:\Program Files\dotnet\;C:\WINDOWS\system32;C:\WINDOWS;C:\WINDOWS\System32\Wbem;C:\WINDOWS\System32\WindowsPowerShell\v1.0\;C:\WINDOWS\System32\OpenSSH\;C:\MinGW\bin;C:\Program Files\PuTTY\;C:\Gradle\gradle-5.6.4\bin;C:\Program Files\nodejs\;C:\ProgramData\chocolatey\bin;C:\Program Files\Java\jdk1.8.0_171\bin;C:\Users\Acer\.cargo\bin;C:\Users\Acer\AppData\Local\Programs\Python\Python39\Scripts\;C:\Users\Acer\AppData\Local\Programs\Python\Python39\;C:\Users\Acer\AppData\Local\Microsoft\WindowsApps;C:\Program Files\Common Files\Oracle\Java\javapath;C:\Program Files\Java\jdk-15.0.2\bin;C:\Users\Acer\.dotnet\tools;C:\Users\Acer\AppData\Local\Programs\Microsoft VS Code\bin;C:\Program Files\JetBrains\IntelliJ IDEA Community Edition 2021.2.2\bin;;C:\Users\Acer\Downloads\arduino-cli_0.19.3_Windows_64bit;C:\Users\Acer\AppData\Roaming\npm;C:\Program Files\Java\jdk1.8.0_171\bin;C:\Gradle\gradle-5.6.4\bin;C:\Users\Acer\.cargo\bin;;.]
[INFO ] 2022-05-01T18:25:21,927Z [localhost-startStop-1] [localhost].[/].log - Initializing Spring embedded WebApplicationContext
[INFO ] 2022-05-01T18:25:21,929Z [localhost-startStop-1] context.ContextLoader.prepareWebApplicationContext - Root WebApplicationContext: initialization completed in 11897 ms
[INFO ] 2022-05-01T18:25:22,138Z [localhost-startStop-1] servlet.ServletRegistrationBean.addRegistration - Servlet dispatcherServlet mapped to [/]
[INFO ] 2022-05-01T18:25:22,152Z [localhost-startStop-1] servlet.FilterRegistrationBean.configure - Mapping filter: 'characterEncodingFilter' to: [/*]
[INFO ] 2022-05-01T18:25:22,156Z [localhost-startStop-1] servlet.FilterRegistrationBean.configure - Mapping filter: 'hiddenHttpMethodFilter' to: [/*]
[INFO ] 2022-05-01T18:25:22,158Z [localhost-startStop-1] servlet.FilterRegistrationBean.configure - Mapping filter: 'httpPutFormContentFilter' to: [/*]
[INFO ] 2022-05-01T18:25:22,160Z [localhost-startStop-1] servlet.FilterRegistrationBean.configure - Mapping filter: 'requestContextFilter' to: [/*]
[INFO ] 2022-05-01T18:25:41,434Z [main] internal.RPCClient.logElapsedTime - Startup took 3144 msec
[INFO ] 2022-05-01T18:25:42,095Z [main] handler.SimpleUrlHandlerMapping.registerHandler - Mapped URL path [/**/favicon.ico] onto handler of type [class org.springframework.web.servlet.resource.ResourceHttpRequestHandler]
[INFO ] 2022-05-01T18:25:42,297Z [main] annotation.RequestMappingHandlerAdapter.initControllerAdviceCache - Looking for @ControllerAdvice: org.springframework.boot.web.servlet.context.AnnotationConfigServletWebServerApplicationContext@71370fec: startup date [Mon May 02 01:25:10 ICT 2022]; root of context hierarchy
[INFO ] 2022-05-01T18:25:42,471Z [main] annotation.RequestMappingHandlerMapping.register - Mapped "{[/api/iou/status],methods=[GET],produces=[text/plain]}" onto private java.lang.String net.corda.samples.obligation.server.MainController.status()
[INFO ] 2022-05-01T18:25:42,475Z [main] annotation.RequestMappingHandlerMapping.register - Mapped "{[/api/iou/states],methods=[GET],produces=[text/plain]}" onto private java.lang.String net.corda.samples.obligation.server.MainController.states()
[INFO ] 2022-05-01T18:25:42,477Z [main] annotation.RequestMappingHandlerMapping.register - Mapped "{[/api/iou/identities],methods=[GET],produces=[text/plain]}" onto private java.lang.String net.corda.samples.obligation.server.MainController.identities()
[INFO ] 2022-05-01T18:25:42,479Z [main] annotation.RequestMappingHandlerMapping.register - Mapped "{[/api/iou/peers],methods=[GET],produces=[application/json]}" onto public java.util.HashMap<java.lang.String, java.util.List<java.lang.String>> net.corda.samples.obligation.server.MainController.getPeers()
[INFO ] 2022-05-01T18:25:42,481Z [main] annotation.RequestMappingHandlerMapping.register - Mapped "{[/api/iou/me],methods=[GET],produces=[application/json]}" onto private java.util.HashMap<java.lang.String, java.lang.String> net.corda.samples.obligation.server.MainController.whoami()
[INFO ] 2022-05-01T18:25:42,486Z [main] annotation.RequestMappingHandlerMapping.register - Mapped "{[/api/iou/servertime],methods=[GET],produces=[text/plain]}" onto private java.lang.String net.corda.samples.obligation.server.MainController.serverTime()
[INFO ] 2022-05-01T18:25:42,489Z [main] annotation.RequestMappingHandlerMapping.register - Mapped "{[/api/iou/platformversion],methods=[GET],produces=[text/plain]}" onto private java.lang.String net.corda.samples.obligation.server.MainController.platformVersion()
[INFO ] 2022-05-01T18:25:42,500Z [main] annotation.RequestMappingHandlerMapping.register - Mapped "{[/api/iou/notaries],methods=[GET],produces=[text/plain]}" onto private java.lang.String net.corda.samples.obligation.server.MainController.notaries()
[INFO ] 2022-05-01T18:25:42,501Z [main] annotation.RequestMappingHandlerMapping.register - Mapped "{[/api/iou/flows],methods=[GET],produces=[text/plain]}" onto private java.lang.String net.corda.samples.obligation.server.MainController.flows()
[INFO ] 2022-05-01T18:25:42,504Z [main] annotation.RequestMappingHandlerMapping.register - Mapped "{[/api/iou/addresses],methods=[GET],produces=[text/plain]}" onto private java.lang.String net.corda.samples.obligation.server.MainController.addresses()
[INFO ] 2022-05-01T18:25:42,509Z [main] annotation.RequestMappingHandlerMapping.register - Mapped "{[/error]}" onto public org.springframework.http.ResponseEntity<java.util.Map<java.lang.String, java.lang.Object>> org.springframework.boot.autoconfigure.web.servlet.error.BasicErrorController.error(javax.servlet.http.HttpServletRequest)
[INFO ] 2022-05-01T18:25:42,513Z [main] annotation.RequestMappingHandlerMapping.register - Mapped "{[/error],produces=[text/html]}" onto public org.springframework.web.servlet.ModelAndView org.springframework.boot.autoconfigure.web.servlet.error.BasicErrorController.errorHtml(javax.servlet.http.HttpServletRequest,javax.servlet.http.HttpServletResponse)
[INFO ] 2022-05-01T18:25:42,550Z [main] handler.SimpleUrlHandlerMapping.registerHandler - Mapped URL path [/webjars/**] onto handler of type [class org.springframework.web.servlet.resource.ResourceHttpRequestHandler]
[INFO ] 2022-05-01T18:25:42,552Z [main] handler.SimpleUrlHandlerMapping.registerHandler - Mapped URL path [/**] onto handler of type [class org.springframework.web.servlet.resource.ResourceHttpRequestHandler]
[INFO ] 2022-05-01T18:25:42,640Z [main] servlet.WelcomePageHandlerMapping.<init> - Adding welcome page: class path resource [public/index.html]
[INFO ] 2022-05-01T18:25:42,962Z [main] annotation.AnnotationMBeanExporter.afterSingletonsInstantiated - Registering beans for JMX exposure on startup
[INFO ] 2022-05-01T18:25:42,987Z [main] http11.Http11NioProtocol.log - Starting ProtocolHandler ["http-nio-4000"]
[INFO ] 2022-05-01T18:25:42,990Z [main] net.NioSelectorPool.log - Using a shared selector for servlet write/read
[INFO ] 2022-05-01T18:25:43,023Z [main] tomcat.TomcatWebServer.start - Tomcat started on port(s): 4000 (http) with context path ''
[INFO ] 2022-05-01T18:25:43,030Z [main] server.Server.logStarted - Started Server in 36.609 seconds (JVM running for 43.443)
[INFO ] 2022-05-01T18:26:08,023Z [http-nio-4000-exec-1] [localhost].[/].log - Initializing Spring FrameworkServlet 'dispatcherServlet'
[INFO ] 2022-05-01T18:26:08,055Z [http-nio-4000-exec-1] servlet.DispatcherServlet.initServletBean - FrameworkServlet 'dispatcherServlet': initialization started
[INFO ] 2022-05-01T18:26:08,146Z [http-nio-4000-exec-1] servlet.DispatcherServlet.initServletBean - FrameworkServlet 'dispatcherServlet': initialization completed in 57 ms
[WARN ] 2022-05-01T18:30:59,607Z [Thread-1 (ActiveMQ-client-factory-threads-1002541036)] internal.RPCClientProxyHandler.cleanUpOnConnectionLoss - Terminating observables.
racle-db-client-v1\claim-system\clients\build\classes\java\main started by Acer in C:\Users\Acer\Desktop\project_cordaBlockchain\corda-oracle-db-client-v1\claim-system\clients)
[INFO ] 2022-05-01T18:26:12,688Z [main] server.Server.logStartupProfileInfo - No active profile set, falling back to default profiles: default
[INFO ] 2022-05-01T18:26:12,830Z [main] context.AnnotationConfigServletWebServerApplicationContext.prepareRefresh - Refreshing org.springframework.boot.web.servlet.context.AnnotationConfigServletWebServerApplicationContext@73613ae5: startup date [Mon May 02 01:26:12 ICT 2022]; root of context hierarchy
[INFO ] 2022-05-01T18:26:17,568Z [main] tomcat.TomcatWebServer.initialize - Tomcat initialized with port(s): 3000 (http)
[INFO ] 2022-05-01T18:26:17,622Z [main] http11.Http11NioProtocol.log - Initializing ProtocolHandler ["http-nio-3000"]
[INFO ] 2022-05-01T18:26:17,652Z [main] core.StandardService.log - Starting service [Tomcat]
[INFO ] 2022-05-01T18:26:17,656Z [main] core.StandardEngine.log - Starting Servlet Engine: Apache Tomcat/8.5.31
[INFO ] 2022-05-01T18:26:17,679Z [localhost-startStop-1] core.AprLifecycleListener.log - The APR based Apache Tomcat Native library which allows optimal performance in production environments was not found on the java.library.path: [C:\Program Files\Java\jdk1.8.0_171\bin;C:\WINDOWS\Sun\Java\bin;C:\WINDOWS\system32;C:\WINDOWS;C:\Python310\Scripts\;C:\Python310\;C:\Program Files (x86)\VMware\VMware Workstation\bin\;C:\Program Files (x86)\Common Files\Oracle\Java\javapath;C:\Program Files (x86)\Intel\Intel(R) Management Engine Components\iCLS\;C:\Program Files\Intel\Intel(R) Management Engine Components\iCLS\;C:\Windows\system32;C:\Windows;C:\Windows\System32\Wbem;C:\Windows\System32\WindowsPowerShell\v1.0\;C:\Program Files (x86)\Intel\Intel(R) Management Engine Components\DAL;C:\Program Files\Intel\Intel(R) Management Engine Components\DAL;C:\Program Files (x86)\Intel\Intel(R) Management Engine Components\IPT;C:\Program Files\Intel\Intel(R) Management Engine Components\IPT;C:\Program Files (x86)\NVIDIA Corporation\PhysX\Common;C:\Program Files\Intel\WiFi\bin\;C:\Program Files\Common Files\Intel\WirelessCommon\;C:\Windows\System32\OpenSSH\;C:\Program Files\Git\cmd;C:\Program Files\NVIDIA Corporation\NVIDIA NvDLISR;C:\Users\Acer\AppData\Local\Programs\Python\Python39;C:\Users\Acer\AppData\Local\Programs\Python\Python39\Scripts;C:\Program Files\dotnet\;C:\WINDOWS\system32;C:\WINDOWS;C:\WINDOWS\System32\Wbem;C:\WINDOWS\System32\WindowsPowerShell\v1.0\;C:\WINDOWS\System32\OpenSSH\;C:\MinGW\bin;C:\Program Files\PuTTY\;C:\Gradle\gradle-5.6.4\bin;C:\Program Files\nodejs\;C:\ProgramData\chocolatey\bin;C:\Program Files\Java\jdk1.8.0_171\bin;C:\Users\Acer\.cargo\bin;C:\Users\Acer\AppData\Local\Programs\Python\Python39\Scripts\;C:\Users\Acer\AppData\Local\Programs\Python\Python39\;C:\Users\Acer\AppData\Local\Microsoft\WindowsApps;C:\Program Files\Common Files\Oracle\Java\javapath;C:\Program Files\Java\jdk-15.0.2\bin;C:\Users\Acer\.dotnet\tools;C:\Users\Acer\AppData\Local\Programs\Microsoft VS Code\bin;C:\Program Files\JetBrains\IntelliJ IDEA Community Edition 2021.2.2\bin;;C:\Users\Acer\Downloads\arduino-cli_0.19.3_Windows_64bit;C:\Users\Acer\AppData\Roaming\npm;C:\Program Files\Java\jdk1.8.0_171\bin;C:\Gradle\gradle-5.6.4\bin;C:\Users\Acer\.cargo\bin;;.]
[INFO ] 2022-05-01T18:26:18,094Z [localhost-startStop-1] [localhost].[/].log - Initializing Spring embedded WebApplicationContext
[INFO ] 2022-05-01T18:26:18,097Z [localhost-startStop-1] context.ContextLoader.prepareWebApplicationContext - Root WebApplicationContext: initialization completed in 5269 ms
[INFO ] 2022-05-01T18:26:18,352Z [localhost-startStop-1] servlet.ServletRegistrationBean.addRegistration - Servlet dispatcherServlet mapped to [/]
[INFO ] 2022-05-01T18:26:18,369Z [localhost-startStop-1] servlet.FilterRegistrationBean.configure - Mapping filter: 'characterEncodingFilter' to: [/*]
[INFO ] 2022-05-01T18:26:18,375Z [localhost-startStop-1] servlet.FilterRegistrationBean.configure - Mapping filter: 'hiddenHttpMethodFilter' to: [/*]
[INFO ] 2022-05-01T18:26:18,381Z [localhost-startStop-1] servlet.FilterRegistrationBean.configure - Mapping filter: 'httpPutFormContentFilter' to: [/*]
[INFO ] 2022-05-01T18:26:18,385Z [localhost-startStop-1] servlet.FilterRegistrationBean.configure - Mapping filter: 'requestContextFilter' to: [/*]
[INFO ] 2022-05-01T18:26:28,567Z [main] internal.RPCClient.logElapsedTime - Startup took 4276 msec
[INFO ] 2022-05-01T18:26:30,123Z [main] handler.SimpleUrlHandlerMapping.registerHandler - Mapped URL path [/**/favicon.ico] onto handler of type [class org.springframework.web.servlet.resource.ResourceHttpRequestHandler]
[INFO ] 2022-05-01T18:26:31,185Z [main] annotation.RequestMappingHandlerAdapter.initControllerAdviceCache - Looking for @ControllerAdvice: org.springframework.boot.web.servlet.context.AnnotationConfigServletWebServerApplicationContext@73613ae5: startup date [Mon May 02 01:26:12 ICT 2022]; root of context hierarchy
[INFO ] 2022-05-01T18:26:32,820Z [main] annotation.RequestMappingHandlerMapping.register - Mapped "{[/api/iou/status],methods=[GET],produces=[text/plain]}" onto private java.lang.String net.corda.samples.obligation.server.MainController.status()
[INFO ] 2022-05-01T18:26:32,825Z [main] annotation.RequestMappingHandlerMapping.register - Mapped "{[/api/iou/addresses],methods=[GET],produces=[text/plain]}" onto private java.lang.String net.corda.samples.obligation.server.MainController.addresses()
[INFO ] 2022-05-01T18:26:32,828Z [main] annotation.RequestMappingHandlerMapping.register - Mapped "{[/api/iou/states],methods=[GET],produces=[text/plain]}" onto private java.lang.String net.corda.samples.obligation.server.MainController.states()
[INFO ] 2022-05-01T18:26:32,832Z [main] annotation.RequestMappingHandlerMapping.register - Mapped "{[/api/iou/peers],methods=[GET],produces=[application/json]}" onto public java.util.HashMap<java.lang.String, java.util.List<java.lang.String>> net.corda.samples.obligation.server.MainController.getPeers()
[INFO ] 2022-05-01T18:26:32,838Z [main] annotation.RequestMappingHandlerMapping.register - Mapped "{[/api/iou/servertime],methods=[GET],produces=[text/plain]}" onto private java.lang.String net.corda.samples.obligation.server.MainController.serverTime()
[INFO ] 2022-05-01T18:26:32,841Z [main] annotation.RequestMappingHandlerMapping.register - Mapped "{[/api/iou/notaries],methods=[GET],produces=[text/plain]}" onto private java.lang.String net.corda.samples.obligation.server.MainController.notaries()
[INFO ] 2022-05-01T18:26:32,844Z [main] annotation.RequestMappingHandlerMapping.register - Mapped "{[/api/iou/identities],methods=[GET],produces=[text/plain]}" onto private java.lang.String net.corda.samples.obligation.server.MainController.identities()
[INFO ] 2022-05-01T18:26:32,940Z [main] annotation.RequestMappingHandlerMapping.register - Mapped "{[/api/iou/platformversion],methods=[GET],produces=[text/plain]}" onto private java.lang.String net.corda.samples.obligation.server.MainController.platformVersion()
[INFO ] 2022-05-01T18:26:32,943Z [main] annotation.RequestMappingHandlerMapping.register - Mapped "{[/api/iou/flows],methods=[GET],produces=[text/plain]}" onto private java.lang.String net.corda.samples.obligation.server.MainController.flows()
[INFO ] 2022-05-01T18:26:32,945Z [main] annotation.RequestMappingHandlerMapping.register - Mapped "{[/api/iou/me],methods=[GET],produces=[application/json]}" onto private java.util.HashMap<java.lang.String, java.lang.String> net.corda.samples.obligation.server.MainController.whoami()
[INFO ] 2022-05-01T18:26:32,951Z [main] annotation.RequestMappingHandlerMapping.register - Mapped "{[/error]}" onto public org.springframework.http.ResponseEntity<java.util.Map<java.lang.String, java.lang.Object>> org.springframework.boot.autoconfigure.web.servlet.error.BasicErrorController.error(javax.servlet.http.HttpServletRequest)
[INFO ] 2022-05-01T18:26:32,955Z [main] annotation.RequestMappingHandlerMapping.register - Mapped "{[/error],produces=[text/html]}" onto public org.springframework.web.servlet.ModelAndView org.springframework.boot.autoconfigure.web.servlet.error.BasicErrorController.errorHtml(javax.servlet.http.HttpServletRequest,javax.servlet.http.HttpServletResponse)
[INFO ] 2022-05-01T18:26:32,993Z [main] handler.SimpleUrlHandlerMapping.registerHandler - Mapped URL path [/webjars/**] onto handler of type [class org.springframework.web.servlet.resource.ResourceHttpRequestHandler]
[INFO ] 2022-05-01T18:26:32,996Z [main] handler.SimpleUrlHandlerMapping.registerHandler - Mapped URL path [/**] onto handler of type [class org.springframework.web.servlet.resource.ResourceHttpRequestHandler]
[INFO ] 2022-05-01T18:26:33,082Z [main] servlet.WelcomePageHandlerMapping.<init> - Adding welcome page: class path resource [public/index.html]
[INFO ] 2022-05-01T18:26:33,715Z [main] annotation.AnnotationMBeanExporter.afterSingletonsInstantiated - Registering beans for JMX exposure on startup
[INFO ] 2022-05-01T18:26:33,743Z [main] http11.Http11NioProtocol.log - Starting ProtocolHandler ["http-nio-3000"]
[INFO ] 2022-05-01T18:26:33,748Z [main] net.NioSelectorPool.log - Using a shared selector for servlet write/read
[INFO ] 2022-05-01T18:26:33,923Z [main] tomcat.TomcatWebServer.start - Tomcat started on port(s): 3000 (http) with context path ''
[INFO ] 2022-05-01T18:26:33,950Z [main] server.Server.logStarted - Started Server in 23.375 seconds (JVM running for 28.728)
[INFO ] 2022-05-01T18:26:56,862Z [http-nio-3000-exec-1] [localhost].[/].log - Initializing Spring FrameworkServlet 'dispatcherServlet'
[INFO ] 2022-05-01T18:26:56,885Z [http-nio-3000-exec-1] servlet.DispatcherServlet.initServletBean - FrameworkServlet 'dispatcherServlet': initialization started
[INFO ] 2022-05-01T18:26:56,920Z [http-nio-3000-exec-1] servlet.DispatcherServlet.initServletBean - FrameworkServlet 'dispatcherServlet': initialization completed in 34 ms
[WARN ] 2022-05-01T18:31:01,890Z [Thread-1 (ActiveMQ-client-factory-threads-65112445)] internal.RPCClientProxyHandler.cleanUpOnConnectionLoss - Terminating observables.
