[INFO ] 2022-05-01T14:52:45,682Z [main] manifests.Manifests. - 127 attributes loaded from 167 stream(s) in 1s, 127 saved, 2661 ignored: ["ActiveMQ-Version", "Agent-Class", "Ant-Version", "Application-Class", "Application-ID", "Application-Library-Allowable-Codebase", "Application-Name", "Application-Version", "Archiver-Version", "Automatic-Module-Name", "Bnd-LastModified", "Branch", "Build-Date", "Build-Host", "Build-Id", "Build-Java-Version", "Build-Jdk", "Build-Jdk-Spec", "Build-Job", "Build-Number", "Build-Time", "Build-Timestamp", "Build-Version", "Built-By", "Built-OS", "Built-Status", "Bundle-Activator", "Bundle-Category", "Bundle-ClassPath", "Bundle-Description", "Bundle-DocURL", "Bundle-License", "Bundle-ManifestVersion", "Bundle-Name", "Bundle-NativeCode", "Bundle-RequiredExecutionEnvironment", "Bundle-SymbolicName", "Bundle-Vendor", "Bundle-Version", "Caller-Allowable-Codebase", "Can-Redefine-Classes", "Can-Retransform-Classes", "Can-Set-Native-Method-Prefix", "Caplets", "Change", "Class-Path", "Codebase", "Corda-DJVM-Dependencies", "Corda-Deterministic-Classpath", "Corda-Deterministic-Runtime", "Corda-Docs-Link", "Corda-Platform-Version", "Corda-Release-Version", "Corda-Revision", "Corda-Vendor", "Created-By", "DynamicImport-Package", "Eclipse-BuddyPolicy", "Eclipse-LazyStart", "Export-Package", "Extension-Name", "Fragment-Host", "Git-Revision", "Git-Url", "Gradle-Version", "Hibernate-JpaVersion", "Hibernate-VersionFamily", "Implementation-Build", "Implementation-Build-Date", "Implementation-Build-Id", "Implementation-Title", "Implementation-URL", "Implementation-Url", "Implementation-Vendor", "Implementation-Vendor-Id", "Implementation-Version", "Import-Package", "Include-Resource", "JCabi-Build", "JCabi-Date", "JCabi-Version", "JVM-Args", "Java-Agents", "Java-Vendor", "Java-Version", "Kotlin-Runtime-Component", "Kotlin-Version", "Liquibase-Package", "Log4jReleaseKey", "Log4jReleaseManager", "Log4jReleaseVersion", "Main-Class", "Main-class", "Major-Version", "Manifest-Version", "Min-Java-Version", "Min-Update-Version", "Module-Email", "Module-Origin", "Module-Owner", "Module-Source", "Multi-Release", "Originally-Created-By", "Os-Arch", "Os-Name", "Os-Version", "Permissions", "Premain-Class", "Private-Package", "Provide-Capability", "Require-Capability", "SCM-Revision", "SCM-url", "Scm-Connection", "Scm-Revision", "Scm-Url", "Sealed", "Service-Component", "Specification-Title", "Specification-Vendor", "Specification-Version", "System-Properties", "Tool", "Trusted-Library", "URL", "X-Compile-Source-JDK", "X-Compile-Target-JDK"]
[INFO ] 2022-05-01T14:52:48,149Z [main] BasicInfo. - Logs can be found in                    : C:\Users\Acer\Desktop\project_cordaBlockchain\sample-java-lastversion\Advanced\obligation-cordapp\build\nodes\ParticipantB\logs
[INFO ] 2022-05-01T14:52:52,489Z [main] subcommands.ValidateConfigurationCli. - Actual configuration:
{
    "additionalNodeInfoPollingFrequencyMsec" : 5000,
    "additionalP2PAddresses" : [],
    "baseDirectory" : "C:\\Users\\Acer\\Desktop\\project_cordaBlockchain\\sample-java-lastversion\\Advanced\\obligation-cordapp\\build\\nodes\\ParticipantB",
    "blacklistedAttachmentSigningKeys" : [],
    "certificateChainCheckPolicies" : [],
    "cordappSignerKeyFingerprintBlacklist" : [
        "56CA54E803CB87C8472EBD3FBC6A2F1876E814CEEBF74860BD46997F40729367",
        "83088052AF16700457AE2C978A7D8AC38DD6A7C713539D00B897CD03A5E5D31D",
        "6F6696296C3F58B55FB6CA865A025A3A6CC27AD17C4AFABA1E8EF062E0A82739"
    ],
    "crlCheckArtemisServer" : false,
    "crlCheckSoftFail" : true,
    "dataSourceProperties" : "*****",
    "database" : {
        "exportHibernateJMXStatistics" : false,
        "mappedSchemaCacheSize" : 100
    },
    "detectPublicIp" : false,
    "devMode" : true,
    "emailAddress" : "admin@company.com",
    "extraNetworkMapKeys" : [],
    "flowExternalOperationThreadPoolSize" : 8,
    "flowMonitorPeriodMillis" : {
        "nanos" : 0,
        "seconds" : 60
    },
    "flowMonitorSuspensionLoggingThresholdMillis" : {
        "nanos" : 0,
        "seconds" : 60
    },
    "flowTimeout" : {
        "backoffBase" : 1.8,
        "maxRestartCount" : 6,
        "timeout" : {
            "nanos" : 0,
            "seconds" : 30
        }
    },
    "jarDirs" : [],
    "jmxReporterType" : "JOLOKIA",
    "keyStorePassword" : "*****",
    "lazyBridgeStart" : true,
    "localShellAllowExitInSafeMode" : true,
    "localShellUnsafe" : false,
    "myLegalName" : "O=ParticipantB,L=New York,C=US",
    "networkParameterAcceptanceSettings" : {
        "autoAcceptEnabled" : true,
        "excludedAutoAcceptableParameters" : []
    },
    "noLocalShell" : false,
    "p2pAddress" : "localhost:10010",
    "quasarExcludePackages" : [],
    "reloadCheckpointAfterSuspend" : false,
    "rpcSettings" : {
        "address" : "0.0.0.0:10011",
        "adminAddress" : "0.0.0.0:10111",
        "standAloneBroker" : false,
        "useSsl" : false
    },
    "rpcUsers" : [],
    "security" : {
        "authService" : {
            "dataSource" : {
                "passwordEncryption" : "NONE",
                "type" : "INMEMORY",
                "users" : [
                    {
                        "ignoresFallbacks" : false,
                        "resolved" : true,
                        "value" : {
                            "loadFactor" : 0.75,
                            "modCount" : 3,
                            "size" : 3,
                            "table" : {},
                            "threshold" : 3
                        }
                    }
                ]
            }
        }
    },
    "trustStorePassword" : "*****",
    "useTestClock" : false,
    "verifierType" : "InMemory"
}

[INFO ] 2022-05-01T14:52:52,676Z [main] internal.Node. - Vendor: Corda Open Source
[INFO ] 2022-05-01T14:52:52,676Z [main] internal.Node. - Release: 4.8.5
[INFO ] 2022-05-01T14:52:52,676Z [main] internal.Node. - Platform Version: 10
[INFO ] 2022-05-01T14:52:52,676Z [main] internal.Node. - Revision: 0a21fda87c379b6764c032f3af2dba614be24bb1
[INFO ] 2022-05-01T14:52:52,677Z [main] internal.Node. - PID: 10448
[INFO ] 2022-05-01T14:52:52,677Z [main] internal.Node. - Main class: /C:/Users/Acer/AppData/Local/capsule/apps/net.corda.node.Corda_4.8.5/corda-node-4.8.5.jar
[INFO ] 2022-05-01T14:52:52,677Z [main] internal.Node. - CommandLine Args: -Xmx512m -XX:+UseG1GC -XX:+HeapDumpOnOutOfMemoryError -XX:+CrashOnOutOfMemoryError -agentlib:jdwp=transport=dt_socket,server=y,suspend=n,address=5007 -javaagent:drivers/jolokia-jvm-1.6.0-agent.jar=port=7007,logHandlerClass=net.corda.node.JolokiaSlf4jAdapter -javaagent:C:\Users\Acer\AppData\Local\capsule\apps\net.corda.node.Corda_4.8.5\quasar-core-0.7.13_r3.jar=x(antlr**;bftsmart**;co.paralleluniverse**;com.codahale**;com.esotericsoftware**;com.fasterxml**;com.google**;com.ibm**;com.intellij**;com.jcabi**;com.nhaarman**;com.opengamma**;com.typesafe**;com.zaxxer**;de.javakaffee**;groovy**;groovyjarjarantlr**;groovyjarjarasm**;io.atomix**;io.github**;io.netty**;jdk**;kotlin**;net.corda.djvm**;djvm**;net.bytebuddy**;net.i2p**;org.apache**;org.bouncycastle**;org.codehaus**;org.crsh**;org.dom4j**;org.fusesource**;org.h2**;org.hibernate**;org.jboss**;org.jcp**;org.joda**;org.objectweb**;org.objenesis**;org.slf4j**;org.w3c**;org.xml**;org.yaml**;reflectasm**;rx**;org.jolokia**;com.lmax**;picocli**;liquibase**;com.github.benmanes**;org.json**;org.postgresql**;nonapi.io.github.classgraph**)l(net.corda.djvm.**;net.corda.core.serialization.internal.**) -javaagent:C:\Users\Acer\Desktop\project_cordaBlockchain\sample-java-lastversion\Advanced\obligation-cordapp\build\nodes\ParticipantB\corda.jar -Dcapsule.address=0.0.0.0 -Dvisualvm.display.name=Corda -Djava.library.path=C:\Program Files\Java\jre1.8.0_171\bin;C:\WINDOWS\Sun\Java\bin;C:\WINDOWS\system32;C:\WINDOWS;C:\Python310\Scripts;C:\Python310;C:\Program Files (x86)\VMware\VMware Workstation\bin;C:\Program Files (x86)\Common Files\Oracle\Java\javapath;C:\Program Files (x86)\Intel\Intel(R) Management Engine Components\iCLS;C:\Program Files\Intel\Intel(R) Management Engine Components\iCLS;C:\Windows\system32;C:\Windows;C:\Windows\System32\Wbem;C:\Windows\System32\WindowsPowerShell\v1.0;C:\Program Files (x86)\Intel\Intel(R) Management Engine Components\DAL;C:\Program Files\Intel\Intel(R) Management Engine Components\DAL;C:\Program Files (x86)\Intel\Intel(R) Management Engine Components\IPT;C:\Program Files\Intel\Intel(R) Management Engine Components\IPT;C:\Program Files (x86)\NVIDIA Corporation\PhysX\Common;C:\Program Files\Intel\WiFi\bin;C:\Program Files\Common Files\Intel\WirelessCommon;C:\Windows\System32\OpenSSH;C:\Program Files\Git\cmd;C:\Program Files\NVIDIA Corporation\NVIDIA NvDLISR;C:\Users\Acer\AppData\Local\Programs\Python\Python39;C:\Users\Acer\AppData\Local\Programs\Python\Python39\Scripts;C:\Program Files\dotnet;C:\WINDOWS\system32;C:\WINDOWS;C:\WINDOWS\System32\Wbem;C:\WINDOWS\System32\WindowsPowerShell\v1.0;C:\WINDOWS\System32\OpenSSH;C:\MinGW\bin;C:\Program Files\PuTTY;C:\Gradle\gradle-5.6.4\bin;C:\Program Files\nodejs;C:\ProgramData\chocolatey\bin;C:\Program Files\Java\jdk1.8.0_171\bin;C:\Users\Acer\.cargo\bin;C:\Users\Acer\AppData\Local\Programs\Python\Python39\Scripts;C:\Users\Acer\AppData\Local\Programs\Python\Python39;C:\Users\Acer\AppData\Local\Microsoft\WindowsApps;C:\Program Files\Common Files\Oracle\Java\javapath;C:\Program Files\Java\jdk-15.0.2\bin;C:\Users\Acer\.dotnet\tools;C:\Users\Acer\AppData\Local\Programs\Microsoft VS Code\bin;C:\Program Files\JetBrains\IntelliJ IDEA Community Edition 2021.2.2\bin;C:\Users\Acer\Downloads\arduino-cli_0.19.3_Windows_64bit;C:\Users\Acer\AppData\Roaming\npm;C:\Program Files\Java\jdk1.8.0_171\bin;C:\Gradle\gradle-5.6.4\bin;C:\Users\Acer\.cargo\bin;C:\Users\Acer\AppData\Local\capsule\apps\net.corda.node.Corda_4.8.5 -Dcapsule.log=1 -Dcapsule.app=net.corda.node.Corda_4.8.5 -Dcapsule.port=54320 -Dcapsule.jvm.args=-agentlib:jdwp=transport=dt_socket,server=y,suspend=n,address=5007 -javaagent:drivers/jolokia-jvm-1.6.0-agent.jar=port=7007,logHandlerClass=net.corda.node.JolokiaSlf4jAdapter -Dname=ParticipantB -Dcapsule.dir=C:\Users\Acer\AppData\Local\capsule\apps\net.corda.node.Corda_4.8.5 -Dcapsule.jar=C:\Users\Acer\Desktop\project_cordaBlockchain\sample-java-lastversion\Advanced\obligation-cordapp\build\nodes\ParticipantB\corda.jar
[INFO ] 2022-05-01T14:52:52,677Z [main] internal.Node. - bootclasspath: C:\Program Files\Java\jre1.8.0_171\lib\resources.jar;C:\Program Files\Java\jre1.8.0_171\lib\rt.jar;C:\Program Files\Java\jre1.8.0_171\lib\sunrsasign.jar;C:\Program Files\Java\jre1.8.0_171\lib\jsse.jar;C:\Program Files\Java\jre1.8.0_171\lib\jce.jar;C:\Program Files\Java\jre1.8.0_171\lib\charsets.jar;C:\Program Files\Java\jre1.8.0_171\lib\jfr.jar;C:\Program Files\Java\jre1.8.0_171\classes
[INFO ] 2022-05-01T14:52:52,678Z [main] internal.Node. - classpath: C:\Users\Acer\Desktop\project_cordaBlockchain\sample-java-lastversion\Advanced\obligation-cordapp\build\nodes\ParticipantB\corda.jar;C:\Users\Acer\AppData\Local\capsule\apps\net.corda.node.Corda_4.8.5\corda-shell-4.8.5.jar;C:\Users\Acer\AppData\Local\capsule\apps\net.corda.node.Corda_4.8.5\corda-rpc-4.8.5.jar;C:\Users\Acer\AppData\Local\capsule\apps\net.corda.node.Corda_4.8.5\corda-node-api-4.8.5.jar;C:\Users\Acer\AppData\Local\capsule\apps\net.corda.node.Corda_4.8.5\corda-tools-cliutils-4.8.5.jar;C:\Users\Acer\AppData\Local\capsule\apps\net.corda.node.Corda_4.8.5\corda-common-configuration-parsing-4.8.5.jar;C:\Users\Acer\AppData\Local\capsule\apps\net.corda.node.Corda_4.8.5\corda-common-validation-4.8.5.jar;C:\Users\Acer\AppData\Local\capsule\apps\net.corda.node.Corda_4.8.5\corda-common-logging-4.8.5.jar;C:\Users\Acer\AppData\Local\capsule\apps\net.corda.node.Corda_4.8.5\corda-confidential-identities-4.8.5.jar;C:\Users\Acer\AppData\Local\capsule\apps\net.corda.node.Corda_4.8.5\log4j-slf4j-impl-2.16.0.jar;C:\Users\Acer\AppData\Local\capsule\apps\net.corda.node.Corda_4.8.5\log4j-web-2.16.0.jar;C:\Users\Acer\AppData\Local\capsule\apps\net.corda.node.Corda_4.8.5\jul-to-slf4j-1.7.30.jar;C:\Users\Acer\AppData\Local\capsule\apps\net.corda.node.Corda_4.8.5\corda-serialization-djvm-4.8.5.jar;C:\Users\Acer\AppData\Local\capsule\apps\net.corda.node.Corda_4.8.5\corda-djvm-1.1.1.jar;C:\Users\Acer\AppData\Local\capsule\apps\net.corda.node.Corda_4.8.5\corda-jackson-4.8.5.jar;C:\Users\Acer\AppData\Local\capsule\apps\net.corda.node.Corda_4.8.5\corda-serialization-4.8.5.jar;C:\Users\Acer\AppData\Local\capsule\apps\net.corda.node.Corda_4.8.5\corda-core-4.8.5.jar;C:\Users\Acer\AppData\Local\capsule\apps\net.corda.node.Corda_4.8.5\kotlin-stdlib-jdk8-1.2.71.jar;C:\Users\Acer\AppData\Local\capsule\apps\net.corda.node.Corda_4.8.5\jackson-module-kotlin-2.9.7.jar;C:\Users\Acer\AppData\Local\capsule\apps\net.corda.node.Corda_4.8.5\kotlin-reflect-1.2.71.jar;C:\Users\Acer\AppData\Local\capsule\apps\net.corda.node.Corda_4.8.5\jansi-1.18.jar;C:\Users\Acer\AppData\Local\capsule\apps\net.corda.node.Corda_4.8.5\metrics-new-relic-1.1.1.jar;C:\Users\Acer\AppData\Local\capsule\apps\net.corda.node.Corda_4.8.5\quasar-core-0.7.13_r3.jar;C:\Users\Acer\AppData\Local\capsule\apps\net.corda.node.Corda_4.8.5\guava-28.0-jre.jar;C:\Users\Acer\AppData\Local\capsule\apps\net.corda.node.Corda_4.8.5\caffeine-2.7.0.jar;C:\Users\Acer\AppData\Local\capsule\apps\net.corda.node.Corda_4.8.5\disruptor-3.4.2.jar;C:\Users\Acer\AppData\Local\capsule\apps\net.corda.node.Corda_4.8.5\commons-collections4-4.3.jar;C:\Users\Acer\AppData\Local\capsule\apps\net.corda.node.Corda_4.8.5\artemis-amqp-protocol-2.6.2.jar;C:\Users\Acer\AppData\Local\capsule\apps\net.corda.node.Corda_4.8.5\artemis-server-2.6.2.jar;C:\Users\Acer\AppData\Local\capsule\apps\net.corda.node.Corda_4.8.5\artemis-jdbc-store-2.6.2.jar;C:\Users\Acer\AppData\Local\capsule\apps\net.corda.node.Corda_4.8.5\artemis-jms-client-2.6.2.jar;C:\Users\Acer\AppData\Local\capsule\apps\net.corda.node.Corda_4.8.5\artemis-core-client-2.6.2.jar;C:\Users\Acer\AppData\Local\capsule\apps\net.corda.node.Corda_4.8.5\artemis-journal-2.6.2.jar;C:\Users\Acer\AppData\Local\capsule\apps\net.corda.node.Corda_4.8.5\artemis-commons-2.6.2.jar;C:\Users\Acer\AppData\Local\capsule\apps\net.corda.node.Corda_4.8.5\shiro-core-1.4.1.jar;C:\Users\Acer\AppData\Local\capsule\apps\net.corda.node.Corda_4.8.5\shiro-config-ogdl-1.4.1.jar;C:\Users\Acer\AppData\Local\capsule\apps\net.corda.node.Corda_4.8.5\commons-beanutils-1.9.4.jar;C:\Users\Acer\AppData\Local\capsule\apps\net.corda.node.Corda_4.8.5\jcabi-manifests-1.1.jar;C:\Users\Acer\AppData\Local\capsule\apps\net.corda.node.Corda_4.8.5\metrics-jmx-4.1.0.jar;C:\Users\Acer\AppData\Local\capsule\apps\net.corda.node.Corda_4.8.5\config-1.3.4.jar;C:\Users\Acer\AppData\Local\capsule\apps\net.corda.node.Corda_4.8.5\corda-node-djvm-4.8.5.jar;C:\Users\Acer\AppData\Local\capsule\apps\net.corda.node.Corda_4.8.5\h2-1.4.199.jar;C:\Users\Acer\AppData\Local\capsule\apps\net.corda.node.Corda_4.8.5\HikariCP-3.3.1.jar;C:\Users\Acer\AppData\Local\capsule\apps\net.corda.node.Corda_4.8.5\hibernate-java8-5.4.3.Final.jar;C:\Users\Acer\AppData\Local\capsule\apps\net.corda.node.Corda_4.8.5\hibernate-core-5.4.3.Final.jar;C:\Users\Acer\AppData\Local\capsule\apps\net.corda.node.Corda_4.8.5\okhttp-3.14.2.jar;C:\Users\Acer\AppData\Local\capsule\apps\net.corda.node.Corda_4.8.5\picocli-3.9.6.jar;C:\Users\Acer\AppData\Local\capsule\apps\net.corda.node.Corda_4.8.5\library-master-v1.1-beta-g6215ec8-87.jar;C:\Users\Acer\AppData\Local\capsule\apps\net.corda.node.Corda_4.8.5\commons-codec-1.13.jar;C:\Users\Acer\AppData\Local\capsule\apps\net.corda.node.Corda_4.8.5\copycat-client-1.2.3.jar;C:\Users\Acer\AppData\Local\capsule\apps\net.corda.node.Corda_4.8.5\copycat-server-1.2.3.jar;C:\Users\Acer\AppData\Local\capsule\apps\net.corda.node.Corda_4.8.5\catalyst-netty-1.1.2.jar;C:\Users\Acer\AppData\Local\capsule\apps\net.corda.node.Corda_4.8.5\jolokia-jvm-1.6.1-agent.jar;C:\Users\Acer\AppData\Local\capsule\apps\net.corda.node.Corda_4.8.5\netty-tcnative-boringssl-static-2.0.42.Final.jar;C:\Users\Acer\AppData\Local\capsule\apps\net.corda.node.Corda_4.8.5\kotlin-stdlib-jre8-1.2.71.jar;C:\Users\Acer\AppData\Local\capsule\apps\net.corda.node.Corda_4.8.5\netty-handler-proxy-4.1.67.Final.jar;C:\Users\Acer\AppData\Local\capsule\apps\net.corda.node.Corda_4.8.5\proton-j-0.33.0.jar;C:\Users\Acer\AppData\Local\capsule\apps\net.corda.node.Corda_4.8.5\classgraph-4.8.90.jar;C:\Users\Acer\AppData\Local\capsule\apps\net.corda.node.Corda_4.8.5\kryo-serializers-0.43.jar;C:\Users\Acer\AppData\Local\capsule\apps\net.corda.node.Corda_4.8.5\kryo-4.0.2.jar;C:\Users\Acer\AppData\Local\capsule\apps\net.corda.node.Corda_4.8.5\liquibase-core-3.6.3.jar;C:\Users\Acer\AppData\Local\capsule\apps\net.corda.node.Corda_4.8.5\jackson-datatype-jsr310-2.9.7.jar;C:\Users\Acer\AppData\Local\capsule\apps\net.corda.node.Corda_4.8.5\jackson-databind-2.9.7.jar;C:\Users\Acer\AppData\Local\capsule\apps\net.corda.node.Corda_4.8.5\liquibase-slf4j-2.0.0.jar;C:\Users\Acer\AppData\Local\capsule\apps\net.corda.node.Corda_4.8.5\crash.connectors.ssh-1.7.4.jar;C:\Users\Acer\AppData\Local\capsule\apps\net.corda.node.Corda_4.8.5\crash.shell-1.7.4.jar;C:\Users\Acer\AppData\Local\capsule\apps\net.corda.node.Corda_4.8.5\log4j-core-2.16.0.jar;C:\Users\Acer\AppData\Local\capsule\apps\net.corda.node.Corda_4.8.5\commons-io-2.6.jar;C:\Users\Acer\AppData\Local\capsule\apps\net.corda.node.Corda_4.8.5\jcabi-log-0.14.jar;C:\Users\Acer\AppData\Local\capsule\apps\net.corda.node.Corda_4.8.5\metrics-core-4.1.0.jar;C:\Users\Acer\AppData\Local\capsule\apps\net.corda.node.Corda_4.8.5\shiro-cache-1.4.1.jar;C:\Users\Acer\AppData\Local\capsule\apps\net.corda.node.Corda_4.8.5\shiro-crypto-hash-1.4.1.jar;C:\Users\Acer\AppData\Local\capsule\apps\net.corda.node.Corda_4.8.5\shiro-crypto-cipher-1.4.1.jar;C:\Users\Acer\AppData\Local\capsule\apps\net.corda.node.Corda_4.8.5\shiro-config-core-1.4.1.jar;C:\Users\Acer\AppData\Local\capsule\apps\net.corda.node.Corda_4.8.5\shiro-event-1.4.1.jar;C:\Users\Acer\AppData\Local\capsule\apps\net.corda.node.Corda_4.8.5\shiro-crypto-core-1.4.1.jar;C:\Users\Acer\AppData\Local\capsule\apps\net.corda.node.Corda_4.8.5\shiro-lang-1.4.1.jar;C:\Users\Acer\AppData\Local\capsule\apps\net.corda.node.Corda_4.8.5\copycat-protocol-1.2.3.jar;C:\Users\Acer\AppData\Local\capsule\apps\net.corda.node.Corda_4.8.5\catalyst-transport-1.1.2.jar;C:\Users\Acer\AppData\Local\capsule\apps\net.corda.node.Corda_4.8.5\jcl-over-slf4j-1.7.30.jar;C:\Users\Acer\AppData\Local\capsule\apps\net.corda.node.Corda_4.8.5\mina-core-2.0.16.jar;C:\Users\Acer\AppData\Local\capsule\apps\net.corda.node.Corda_4.8.5\catalyst-concurrent-1.1.2.jar;C:\Users\Acer\AppData\Local\capsule\apps\net.corda.node.Corda_4.8.5\catalyst-serializer-1.1.2.jar;C:\Users\Acer\AppData\Local\capsule\apps\net.corda.node.Corda_4.8.5\catalyst-buffer-1.1.2.jar;C:\Users\Acer\AppData\Local\capsule\apps\net.corda.node.Corda_4.8.5\catalyst-common-1.1.2.jar;C:\Users\Acer\AppData\Local\capsule\apps\net.corda.node.Corda_4.8.5\slf4j-api-1.7.30.jar;C:\Users\Acer\AppData\Local\capsule\apps\net.corda.node.Corda_4.8.5\log4j-api-2.16.0.jar;C:\Users\Acer\AppData\Local\capsule\apps\net.corda.node.Corda_4.8.5\kotlin-stdlib-jdk7-1.2.71.jar;C:\Users\Acer\AppData\Local\capsule\apps\net.corda.node.Corda_4.8.5\kotlin-stdlib-jre7-1.2.71.jar;C:\Users\Acer\AppData\Local\capsule\apps\net.corda.node.Corda_4.8.5\kotlin-stdlib-1.2.71.jar;C:\Users\Acer\AppData\Local\capsule\apps\net.corda.node.Corda_4.8.5\failureaccess-1.0.1.jar;C:\Users\Acer\AppData\Local\capsule\apps\net.corda.node.Corda_4.8.5\listenablefuture-9999.0-empty-to-avoid-conflict-with-guava.jar;C:\Users\Acer\AppData\Local\capsule\apps\net.corda.node.Corda_4.8.5\jsr305-3.0.2.jar;C:\Users\Acer\AppData\Local\capsule\apps\net.corda.node.Corda_4.8.5\checker-qual-2.8.1.jar;C:\Users\Acer\AppData\Local\capsule\apps\net.corda.node.Corda_4.8.5\error_prone_annotations-2.3.3.jar;C:\Users\Acer\AppData\Local\capsule\apps\net.corda.node.Corda_4.8.5\j2objc-annotations-1.3.jar;C:\Users\Acer\AppData\Local\capsule\apps\net.corda.node.Corda_4.8.5\animal-sniffer-annotations-1.17.jar;C:\Users\Acer\AppData\Local\capsule\apps\net.corda.node.Corda_4.8.5\commons-collections-3.2.2.jar;C:\Users\Acer\AppData\Local\capsule\apps\net.corda.node.Corda_4.8.5\artemis-native-2.6.2.jar;C:\Users\Acer\AppData\Local\capsule\apps\net.corda.node.Corda_4.8.5\hibernate-commons-annotations-5.1.0.Final.jar;C:\Users\Acer\AppData\Local\capsule\apps\net.corda.node.Corda_4.8.5\jboss-logging-3.3.2.Final.jar;C:\Users\Acer\AppData\Local\capsule\apps\net.corda.node.Corda_4.8.5\artemis-selector-2.6.2.jar;C:\Users\Acer\AppData\Local\capsule\apps\net.corda.node.Corda_4.8.5\netty-codec-http-4.1.67.Final.jar;C:\Users\Acer\AppData\Local\capsule\apps\net.corda.node.Corda_4.8.5\netty-handler-4.1.67.Final.jar;C:\Users\Acer\AppData\Local\capsule\apps\net.corda.node.Corda_4.8.5\netty-transport-native-epoll-4.1.67.Final-linux-x86_64.jar;C:\Users\Acer\AppData\Local\capsule\apps\net.corda.node.Corda_4.8.5\netty-transport-native-kqueue-4.1.67.Final-osx-x86_64.jar;C:\Users\Acer\AppData\Local\capsule\apps\net.corda.node.Corda_4.8.5\netty-codec-socks-4.1.67.Final.jar;C:\Users\Acer\AppData\Local\capsule\apps\net.corda.node.Corda_4.8.5\netty-codec-4.1.67.Final.jar;C:\Users\Acer\AppData\Local\capsule\apps\net.corda.node.Corda_4.8.5\netty-transport-native-unix-common-4.1.67.Final.jar;C:\Users\Acer\AppData\Local\capsule\apps\net.corda.node.Corda_4.8.5\netty-transport-4.1.67.Final.jar;C:\Users\Acer\AppData\Local\capsule\apps\net.corda.node.Corda_4.8.5\netty-buffer-4.1.67.Final.jar;C:\Users\Acer\AppData\Local\capsule\apps\net.corda.node.Corda_4.8.5\netty-resolver-4.1.67.Final.jar;C:\Users\Acer\AppData\Local\capsule\apps\net.corda.node.Corda_4.8.5\netty-common-4.1.67.Final.jar;C:\Users\Acer\AppData\Local\capsule\apps\net.corda.node.Corda_4.8.5\geronimo-json_1.0_spec-1.0-alpha-1.jar;C:\Users\Acer\AppData\Local\capsule\apps\net.corda.node.Corda_4.8.5\jgroups-3.6.13.Final.jar;C:\Users\Acer\AppData\Local\capsule\apps\net.corda.node.Corda_4.8.5\johnzon-core-0.9.5.jar;C:\Users\Acer\AppData\Local\capsule\apps\net.corda.node.Corda_4.8.5\corda-deserializers-djvm-4.8.5.jar;C:\Users\Acer\AppData\Local\capsule\apps\net.corda.node.Corda_4.8.5\javax.persistence-api-2.2.jar;C:\Users\Acer\AppData\Local\capsule\apps\net.corda.node.Corda_4.8.5\javassist-3.24.0-GA.jar;C:\Users\Acer\AppData\Local\capsule\apps\net.corda.node.Corda_4.8.5\byte-buddy-1.9.10.jar;C:\Users\Acer\AppData\Local\capsule\apps\net.corda.node.Corda_4.8.5\antlr-2.7.7.jar;C:\Users\Acer\AppData\Local\capsule\apps\net.corda.node.Corda_4.8.5\jboss-transaction-api_1.2_spec-1.1.1.Final.jar;C:\Users\Acer\AppData\Local\capsule\apps\net.corda.node.Corda_4.8.5\jandex-2.0.5.Final.jar;C:\Users\Acer\AppData\Local\capsule\apps\net.corda.node.Corda_4.8.5\classmate-1.3.4.jar;C:\Users\Acer\AppData\Local\capsule\apps\net.corda.node.Corda_4.8.5\jaxb-runtime-2.3.1.jar;C:\Users\Acer\AppData\Local\capsule\apps\net.corda.node.Corda_4.8.5\jaxb-api-2.3.1.jar;C:\Users\Acer\AppData\Local\capsule\apps\net.corda.node.Corda_4.8.5\javax.activation-api-1.2.0.jar;C:\Users\Acer\AppData\Local\capsule\apps\net.corda.node.Corda_4.8.5\dom4j-2.1.1.jar;C:\Users\Acer\AppData\Local\capsule\apps\net.corda.node.Corda_4.8.5\okio-1.17.2.jar;C:\Users\Acer\AppData\Local\capsule\apps\net.corda.node.Corda_4.8.5\jolokia-core-1.6.1.jar;C:\Users\Acer\AppData\Local\capsule\apps\net.corda.node.Corda_4.8.5\json-simple-1.1.1.jar;C:\Users\Acer\AppData\Local\capsule\apps\net.corda.node.Corda_4.8.5\newrelic-api-3.10.0.jar;C:\Users\Acer\AppData\Local\capsule\apps\net.corda.node.Corda_4.8.5\LatencyUtils-2.0.3.jar;C:\Users\Acer\AppData\Local\capsule\apps\net.corda.node.Corda_4.8.5\HdrHistogram-2.1.9.jar;C:\Users\Acer\AppData\Local\capsule\apps\net.corda.node.Corda_4.8.5\reflectasm-1.11.3.jar;C:\Users\Acer\AppData\Local\capsule\apps\net.corda.node.Corda_4.8.5\asm-analysis-5.2.jar;C:\Users\Acer\AppData\Local\capsule\apps\net.corda.node.Corda_4.8.5\asm-commons-5.2.jar;C:\Users\Acer\AppData\Local\capsule\apps\net.corda.node.Corda_4.8.5\asm-util-5.2.jar;C:\Users\Acer\AppData\Local\capsule\apps\net.corda.node.Corda_4.8.5\asm-tree-5.2.jar;C:\Users\Acer\AppData\Local\capsule\apps\net.corda.node.Corda_4.8.5\asm-7.1.jar;C:\Users\Acer\AppData\Local\capsule\apps\net.corda.node.Corda_4.8.5\rxjava-1.3.8.jar;C:\Users\Acer\AppData\Local\capsule\apps\net.corda.node.Corda_4.8.5\commons-lang3-3.9.jar;C:\Users\Acer\AppData\Local\capsule\apps\net.corda.node.Corda_4.8.5\eddsa-0.3.0.jar;C:\Users\Acer\AppData\Local\capsule\apps\net.corda.node.Corda_4.8.5\bcpkix-jdk15on-1.68.jar;C:\Users\Acer\AppData\Local\capsule\apps\net.corda.node.Corda_4.8.5\bcprov-jdk15on-1.68.jar;C:\Users\Acer\AppData\Local\capsule\apps\net.corda.node.Corda_4.8.5\snappy-0.4.jar;C:\Users\Acer\AppData\Local\capsule\apps\net.corda.node.Corda_4.8.5\minlog-1.3.0.jar;C:\Users\Acer\AppData\Local\capsule\apps\net.corda.node.Corda_4.8.5\objenesis-2.5.1.jar;C:\Users\Acer\AppData\Local\capsule\apps\net.corda.node.Corda_4.8.5\jackson-dataformat-yaml-2.9.7.jar;C:\Users\Acer\AppData\Local\capsule\apps\net.corda.node.Corda_4.8.5\snakeyaml-1.23.jar;C:\Users\Acer\AppData\Local\capsule\apps\net.corda.node.Corda_4.8.5\jackson-annotations-2.9.0.jar;C:\Users\Acer\AppData\Local\capsule\apps\net.corda.node.Corda_4.8.5\jackson-core-2.9.7.jar;C:\Users\Acer\AppData\Local\capsule\apps\net.corda.node.Corda_4.8.5\crash.cli-1.7.4.jar;C:\Users\Acer\AppData\Local\capsule\apps\net.corda.node.Corda_4.8.5\groovy-all-1.8.9.jar;C:\Users\Acer\AppData\Local\capsule\apps\net.corda.node.Corda_4.8.5\sshd-pam-0.11.0.jar;C:\Users\Acer\AppData\Local\capsule\apps\net.corda.node.Corda_4.8.5\sshd-core-2.3.0.jar;C:\Users\Acer\AppData\Local\capsule\apps\net.corda.node.Corda_4.8.5\kotlin-stdlib-common-1.2.71.jar;C:\Users\Acer\AppData\Local\capsule\apps\net.corda.node.Corda_4.8.5\annotations-13.0.jar;C:\Users\Acer\AppData\Local\capsule\apps\net.corda.node.Corda_4.8.5\txw2-2.3.1.jar;C:\Users\Acer\AppData\Local\capsule\apps\net.corda.node.Corda_4.8.5\istack-commons-runtime-3.0.7.jar;C:\Users\Acer\AppData\Local\capsule\apps\net.corda.node.Corda_4.8.5\stax-ex-1.8.jar;C:\Users\Acer\AppData\Local\capsule\apps\net.corda.node.Corda_4.8.5\FastInfoset-1.2.15.jar;C:\Users\Acer\AppData\Local\capsule\apps\net.corda.node.Corda_4.8.5\geronimo-jms_2.0_spec-1.0-alpha-2.jar;C:\Users\Acer\AppData\Local\capsule\apps\net.corda.node.Corda_4.8.5\sshd-common-2.3.0.jar;C:\Users\Acer\AppData\Local\capsule\apps\net.corda.node.Corda_4.8.5\jpam-1.1.jar;C:\Users\Acer\AppData\Local\capsule\apps\net.corda.node.Corda_4.8.5\corda-node-4.8.5.jar;C:\Users\Acer\Desktop\project_cordaBlockchain\sample-java-lastversion\Advanced\obligation-cordapp\build\nodes\ParticipantB\drivers\jolokia-jvm-1.6.0-agent.jar;drivers/jolokia-jvm-1.6.0-agent.jar;C:\Users\Acer\AppData\Local\capsule\apps\net.corda.node.Corda_4.8.5\quasar-core-0.7.13_r3.jar;C:\Users\Acer\Desktop\project_cordaBlockchain\sample-java-lastversion\Advanced\obligation-cordapp\build\nodes\ParticipantB\corda.jar
[INFO ] 2022-05-01T14:52:52,678Z [main] internal.Node. - VM Java HotSpot(TM) 64-Bit Server VM Oracle Corporation 25.171-b11
[INFO ] 2022-05-01T14:52:52,678Z [main] internal.Node. - Machine: LAPTOP-HDGRML9K
[INFO ] 2022-05-01T14:52:52,678Z [main] internal.Node. - Working Directory: C:\Users\Acer\Desktop\project_cordaBlockchain\sample-java-lastversion\Advanced\obligation-cordapp\build\nodes\ParticipantB
[INFO ] 2022-05-01T14:52:52,680Z [main] internal.Node. - Debug port: 5007
[INFO ] 2022-05-01T14:52:52,680Z [main] internal.Node. - Starting as node on localhost:10010
[INFO ] 2022-05-01T14:52:53,667Z [main] cordapp.JarScanningCordappLoader. - Looking for CorDapps in [C:\Users\Acer\Desktop\project_cordaBlockchain\sample-java-lastversion\Advanced\obligation-cordapp\build\nodes\ParticipantB\cordapps]
[INFO ] 2022-05-01T14:52:53,837Z [main] cordapp.JarScanningCordappLoader. - Loading CorDapps from RestrictedURL(url=file:/C:/Users/Acer/Desktop/project_cordaBlockchain/sample-java-lastversion/Advanced/obligation-cordapp/build/nodes/ParticipantB/cordapps/contracts-1.0.jar, rootPackageName=null), RestrictedURL(url=file:/C:/Users/Acer/Desktop/project_cordaBlockchain/sample-java-lastversion/Advanced/obligation-cordapp/build/nodes/ParticipantB/cordapps/corda-confidential-identities-4.8.5.jar, rootPackageName=null), RestrictedURL(url=file:/C:/Users/Acer/Desktop/project_cordaBlockchain/sample-java-lastversion/Advanced/obligation-cordapp/build/nodes/ParticipantB/cordapps/corda-finance-contracts-4.8.5.jar, rootPackageName=null), RestrictedURL(url=file:/C:/Users/Acer/Desktop/project_cordaBlockchain/sample-java-lastversion/Advanced/obligation-cordapp/build/nodes/ParticipantB/cordapps/corda-finance-workflows-4.8.5.jar, rootPackageName=null), RestrictedURL(url=file:/C:/Users/Acer/Desktop/project_cordaBlockchain/sample-java-lastversion/Advanced/obligation-cordapp/build/nodes/ParticipantB/cordapps/workflows-1.0.jar, rootPackageName=null)
[INFO ] 2022-05-01T14:52:53,896Z [main] cordapp.JarScanningCordappLoader. - Scanning CorDapp in file:/C:/Users/Acer/Desktop/project_cordaBlockchain/sample-java-lastversion/Advanced/obligation-cordapp/build/nodes/ParticipantB/cordapps/contracts-1.0.jar
[INFO ] 2022-05-01T14:52:58,213Z [main] cordapp.JarScanningCordappLoader. - Scanning CorDapp in file:/C:/Users/Acer/Desktop/project_cordaBlockchain/sample-java-lastversion/Advanced/obligation-cordapp/build/nodes/ParticipantB/cordapps/corda-confidential-identities-4.8.5.jar
[INFO ] 2022-05-01T14:52:58,764Z [main] cordapp.JarScanningCordappLoader. - Scanning CorDapp in file:/C:/Users/Acer/Desktop/project_cordaBlockchain/sample-java-lastversion/Advanced/obligation-cordapp/build/nodes/ParticipantB/cordapps/corda-finance-contracts-4.8.5.jar
[INFO ] 2022-05-01T14:53:02,340Z [main] cordapp.JarScanningCordappLoader. - Scanning CorDapp in file:/C:/Users/Acer/Desktop/project_cordaBlockchain/sample-java-lastversion/Advanced/obligation-cordapp/build/nodes/ParticipantB/cordapps/corda-finance-workflows-4.8.5.jar
[INFO ] 2022-05-01T14:53:05,176Z [main] cordapp.JarScanningCordappLoader. - Scanning CorDapp in file:/C:/Users/Acer/Desktop/project_cordaBlockchain/sample-java-lastversion/Advanced/obligation-cordapp/build/nodes/ParticipantB/cordapps/workflows-1.0.jar
[INFO ] 2022-05-01T14:53:14,735Z [main] internal.Node. - MessagingService active change to: false
[INFO ] 2022-05-01T14:53:18,881Z [main] internal.Node. - Flow external operation executor has a max of 8 threads
[WARN ] 2022-05-01T14:53:20,326Z [main] internal.Node. - This node is running in development mode!  This is not safe for production deployment.
[INFO ] 2022-05-01T14:53:25,139Z [main] internal.Node. - Node starting up ...
[INFO ] 2022-05-01T14:53:25,320Z [main] internal.KeyStoreHandler. - Loaded trusted root certificate: DL7fwxLm5xbiMD8adUuYTsPZHAict46Ng4w6RNcySt5vAw, alias: cordarootca
[INFO ] 2022-05-01T14:53:25,968Z [main] internal.KeyStoreHandler. - Loaded node identity key: DL4FHYEUMzPFnAvEGKVHFKfffrjTGx6A58zcUTc33Xu2mX, alias: identity-private-key
[INFO ] 2022-05-01T14:53:30,690Z [main] internal.NodeFlowManager. - Registered net.corda.finance.flows.CashExitFlow to initiate net.corda.finance.flows.CashExitResponderFlow (version 1)
[INFO ] 2022-05-01T14:53:30,697Z [main] internal.NodeFlowManager. - Registered net.corda.finance.flows.CashPaymentFlow to initiate net.corda.finance.flows.CashPaymentReceiverFlow (version 1)
[INFO ] 2022-05-01T14:53:30,746Z [main] internal.NodeFlowManager. - Registered net.corda.samples.obligation.flows.IOUIssueFlow$InitiatorFlow to initiate net.corda.samples.obligation.flows.IOUIssueFlow$ResponderFlow (version 1)
[INFO ] 2022-05-01T14:53:30,748Z [main] internal.NodeFlowManager. - Registered net.corda.samples.obligation.flows.IOUSettleFlow$InitiatorFlow to initiate net.corda.samples.obligation.flows.IOUSettleFlow$Responder (version 1)
[INFO ] 2022-05-01T14:53:30,754Z [main] internal.NodeFlowManager. - Registered net.corda.samples.obligation.flows.IOUTransferFlow$InitiatorFlow to initiate net.corda.samples.obligation.flows.IOUTransferFlow$Responder (version 1)
[INFO ] 2022-05-01T14:53:31,029Z [main] internal.Node. - Setting unsafe users as: [user1]
[INFO ] 2022-05-01T14:53:32,341Z [main] shell.InteractiveShell. - launchShell: User=internalShell perm=[]
[INFO ] 2022-05-01T14:53:32,341Z [main] shell.InteractiveShell. - Shell: PermitExit= true, UNSAFELOCAL=false
[INFO ] 2022-05-01T14:53:33,582Z [main] plugin.PluginManager. - Loaded plugin Plugin[type=SSHPlugin,interface=SSHPlugin]
[INFO ] 2022-05-01T14:53:33,584Z [main] plugin.PluginManager. - Loaded plugin Plugin[type=SSHInlinePlugin,interface=CommandPlugin]
[INFO ] 2022-05-01T14:53:33,587Z [main] plugin.PluginManager. - Loaded plugin Plugin[type=KeyAuthenticationPlugin,interface=KeyAuthenticationPlugin]
[INFO ] 2022-05-01T14:53:33,636Z [main] plugin.PluginManager. - Loaded plugin Plugin[type=CRaSHShellFactory,interface=ShellFactory]
[INFO ] 2022-05-01T14:53:33,705Z [main] plugin.PluginManager. - Loaded plugin Plugin[type=GroovyLanguageProxy,interface=Language]
[INFO ] 2022-05-01T14:53:33,890Z [main] plugin.PluginManager. - Loaded plugin Plugin[type=JavaLanguage,interface=Language]
[INFO ] 2022-05-01T14:53:34,046Z [main] plugin.PluginManager. - Loaded plugin Plugin[type=ScriptLanguage,interface=Language]
[INFO ] 2022-05-01T14:53:34,085Z [main] plugin.PluginManager. - Loaded plugin Plugin[type=JaasAuthenticationPlugin,interface=AuthenticationPlugin]
[INFO ] 2022-05-01T14:53:34,089Z [main] plugin.PluginManager. - Loaded plugin Plugin[type=SimpleAuthenticationPlugin,interface=AuthenticationPlugin]
[INFO ] 2022-05-01T14:53:34,116Z [main] ssh.SSHPlugin. - Could not boot SSHD due to missing due to missing port configuration
[INFO ] 2022-05-01T14:53:34,116Z [main] plugin.PluginManager. - Initialized plugin Plugin[type=SSHPlugin,interface=SSHPlugin]
[INFO ] 2022-05-01T14:53:34,116Z [main] plugin.PluginManager. - Initialized plugin Plugin[type=SSHInlinePlugin,interface=CommandPlugin]
[INFO ] 2022-05-01T14:53:34,117Z [main] plugin.PluginManager. - Initialized plugin Plugin[type=KeyAuthenticationPlugin,interface=KeyAuthenticationPlugin]
[INFO ] 2022-05-01T14:53:35,248Z [main] plugin.PluginManager. - Initialized plugin Plugin[type=GroovyLanguageProxy,interface=Language]
[INFO ] 2022-05-01T14:53:35,249Z [main] plugin.PluginManager. - Initialized plugin Plugin[type=ScriptLanguage,interface=Language]
[INFO ] 2022-05-01T14:53:35,631Z [main] plugin.PluginManager. - Initialized plugin Plugin[type=CRaSHShellFactory,interface=ShellFactory]
[INFO ] 2022-05-01T14:53:35,631Z [main] plugin.PluginManager. - Initialized plugin Plugin[type=JaasAuthenticationPlugin,interface=AuthenticationPlugin]
[INFO ] 2022-05-01T14:53:35,692Z [main] plugin.PluginManager. - Initialized plugin Plugin[type=SimpleAuthenticationPlugin,interface=AuthenticationPlugin]
[INFO ] 2022-05-01T14:53:35,693Z [main] plugin.PluginManager. - Initialized plugin Plugin[type=CordaAuthenticationPlugin,interface=AuthenticationPlugin]
[INFO ] 2022-05-01T14:53:35,694Z [main] plugin.PluginManager. - Initialized plugin Plugin[type=CordaDisconnectPlugin,interface=DisconnectPlugin]
[INFO ] 2022-05-01T14:53:53,747Z [main] internal.Node. - Loaded network parameters: NetworkParameters {
      minimumPlatformVersion=10
      notaries=[NotaryInfo(identity=O=Notary, L=London, C=GB, validating=false)]
      maxMessageSize=10485760
      maxTransactionSize=524288000
      whitelistedContractImplementations {
        
      }
      eventHorizon=PT720H
      packageOwnership {
        
      }
      modifiedTime=2022-04-16T15:24:10.560Z
      epoch=1
  }
[INFO ] 2022-05-01T14:53:54,682Z [main] hikari.HikariDataSource. - HikariPool-1 - Starting...
[INFO ] 2022-05-01T14:53:57,584Z [main] hikari.HikariDataSource. - HikariPool-1 - Start completed.
[INFO ] 2022-05-01T14:54:10,036Z [main] jvm.JdbcExecutor. - SELECT MD5SUM FROM PUBLIC.DATABASECHANGELOG WHERE MD5SUM IS NOT NULL
[INFO ] 2022-05-01T14:54:10,064Z [main] jvm.JdbcExecutor. - SELECT COUNT(*) FROM PUBLIC.DATABASECHANGELOG
[INFO ] 2022-05-01T14:54:10,065Z [main] changelog.StandardChangeLogHistoryService. - Reading from PUBLIC.DATABASECHANGELOG
[INFO ] 2022-05-01T14:54:10,065Z [main] jvm.JdbcExecutor. - SELECT * FROM PUBLIC.DATABASECHANGELOG ORDER BY DATEEXECUTED ASC, ORDEREXECUTED ASC
[INFO ] 2022-05-01T14:54:10,089Z [main] jvm.JdbcExecutor. - SELECT COUNT(*) FROM PUBLIC.DATABASECHANGELOGLOCK
[INFO ] 2022-05-01T14:54:10,095Z [main] jvm.JdbcExecutor. - SELECT COUNT(*) FROM PUBLIC.DATABASECHANGELOGLOCK
[INFO ] 2022-05-01T14:54:11,025Z [main] jvm.JdbcExecutor. - SELECT MD5SUM FROM PUBLIC.DATABASECHANGELOG WHERE MD5SUM IS NOT NULL
[INFO ] 2022-05-01T14:54:11,124Z [main] jvm.JdbcExecutor. - SELECT COUNT(*) FROM PUBLIC.DATABASECHANGELOG
[INFO ] 2022-05-01T14:54:11,127Z [main] changelog.StandardChangeLogHistoryService. - Reading from PUBLIC.DATABASECHANGELOG
[INFO ] 2022-05-01T14:54:11,127Z [main] jvm.JdbcExecutor. - SELECT * FROM PUBLIC.DATABASECHANGELOG ORDER BY DATEEXECUTED ASC, ORDEREXECUTED ASC
[INFO ] 2022-05-01T14:54:11,136Z [main] jvm.JdbcExecutor. - SELECT COUNT(*) FROM PUBLIC.DATABASECHANGELOGLOCK
[INFO ] 2022-05-01T14:54:11,137Z [main] jvm.JdbcExecutor. - SELECT COUNT(*) FROM PUBLIC.DATABASECHANGELOGLOCK
[INFO ] 2022-05-01T14:54:11,349Z [main] internal.Node. - Connected to H2 database.
[INFO ] 2022-05-01T14:54:12,163Z [main] persistence.HibernateConfiguration. - Init HibernateConfiguration for schemas: [CommonSchemaV1(name=net.corda.core.schemas.CommonSchema, version=1), VaultSchemaV1(name=net.corda.node.services.vault.VaultSchema, version=1), NodeInfoSchemaV1(name=net.corda.node.internal.schemas.NodeInfoSchema, version=1), NodeCoreV1(name=net.corda.node.services.schema.NodeSchemaService$NodeCore, version=1), CashSchemaV1(name=net.corda.finance.schemas.CashSchema, version=1), CommercialPaperSchemaV1(name=net.corda.finance.schemas.CommercialPaperSchema, version=1)]
[INFO ] 2022-05-01T14:54:12,166Z [main] factory.BaseSessionFactoryFactory. - Creating session factory for schemas: [CommonSchemaV1(name=net.corda.core.schemas.CommonSchema, version=1), VaultSchemaV1(name=net.corda.node.services.vault.VaultSchema, version=1), NodeInfoSchemaV1(name=net.corda.node.internal.schemas.NodeInfoSchema, version=1), NodeCoreV1(name=net.corda.node.services.schema.NodeSchemaService$NodeCore, version=1), CashSchemaV1(name=net.corda.finance.schemas.CashSchema, version=1), CommercialPaperSchemaV1(name=net.corda.finance.schemas.CommercialPaperSchema, version=1)]
[INFO ] 2022-05-01T14:54:27,741Z [main] factory.BaseSessionFactoryFactory. - Created session factory for schemas: [CommonSchemaV1(name=net.corda.core.schemas.CommonSchema, version=1), VaultSchemaV1(name=net.corda.node.services.vault.VaultSchema, version=1), NodeInfoSchemaV1(name=net.corda.node.internal.schemas.NodeInfoSchema, version=1), NodeCoreV1(name=net.corda.node.services.schema.NodeSchemaService$NodeCore, version=1), CashSchemaV1(name=net.corda.finance.schemas.CashSchema, version=1), CommercialPaperSchemaV1(name=net.corda.finance.schemas.CommercialPaperSchema, version=1)]
[INFO ] 2022-05-01T14:54:30,243Z [main] network.NetworkMapUpdater. - Auto-accept enabled for network parameter changes which modify only: [epoch, modifiedTime, packageOwnership, whitelistedContractImplementations]
[INFO ] 2022-05-01T14:54:30,856Z [main] security.RPCSecurityManagerImpl. - Constructing realm from list of users in config [User(user1, permissions=[ALL])]
[INFO ] 2022-05-01T14:54:31,365Z [RxIoScheduler-2] network.PersistentNetworkMapCache. - Adding node with info: NodeInfo(addresses=[localhost:10007], legalIdentitiesAndCerts=[O=ParticipantA, L=London, C=GB], platformVersion=10, serial=1650122630387), owningKey=DLBk1uA2qzfzvH5S2osjf9mccunZygVugB1d6t8BQZ2VsN
[INFO ] 2022-05-01T14:54:31,365Z [RxIoScheduler-2] network.PersistentNetworkMapCache. - Previous node was identical to incoming one - doing nothing
[INFO ] 2022-05-01T14:54:31,472Z [RxIoScheduler-2] network.PersistentNetworkMapCache. - Adding node with info: NodeInfo(addresses=[localhost:10013], legalIdentitiesAndCerts=[O=ParticipantC, L=Paris, C=FR], platformVersion=10, serial=1650122628841), owningKey=DLFbNYSuq8YiFG7NqCmNhvq5CpkckFAZ1PUWJNbF1SkTyt
[INFO ] 2022-05-01T14:54:31,472Z [RxIoScheduler-2] network.PersistentNetworkMapCache. - Previous node was identical to incoming one - doing nothing
[INFO ] 2022-05-01T14:54:31,511Z [RxIoScheduler-2] network.PersistentNetworkMapCache. - Adding node with info: NodeInfo(addresses=[localhost:10010], legalIdentitiesAndCerts=[O=ParticipantB, L=New York, C=US], platformVersion=10, serial=1650122629780), owningKey=DL4FHYEUMzPFnAvEGKVHFKfffrjTGx6A58zcUTc33Xu2mX
[INFO ] 2022-05-01T14:54:31,511Z [RxIoScheduler-2] network.PersistentNetworkMapCache. - Previous node was identical to incoming one - doing nothing
[INFO ] 2022-05-01T14:54:31,533Z [RxIoScheduler-2] network.PersistentNetworkMapCache. - Adding node with info: NodeInfo(addresses=[localhost:10002], legalIdentitiesAndCerts=[O=Notary, L=London, C=GB], platformVersion=10, serial=1650122631726), owningKey=DL6sSpyfuxYBbaGaje95muBQCczptQ2cnZjCPuCFVYoPdc
[INFO ] 2022-05-01T14:54:31,533Z [RxIoScheduler-2] network.PersistentNetworkMapCache. - Previous node was identical to incoming one - doing nothing
[INFO ] 2022-05-01T14:54:34,645Z [main] BasicInfo. - Advertised P2P messaging addresses      : localhost:10010
[INFO ] 2022-05-01T14:54:34,716Z [main] BasicInfo. - RPC connection address                  : 0.0.0.0:10011
[INFO ] 2022-05-01T14:54:34,717Z [main] BasicInfo. - RPC admin connection address            : 0.0.0.0:10111
[INFO ] 2022-05-01T14:54:53,132Z [main] messaging.ArtemisMessagingServer. - P2P messaging server listening on 0.0.0.0:10010
[INFO ] 2022-05-01T14:55:01,781Z [main] internal.ArtemisMessagingClient. - Connecting to message broker: localhost:10010
[INFO ] 2022-05-01T14:55:10,050Z [main] internal.ArtemisMessagingClient. - Connecting to message broker: localhost:10010
[INFO ] 2022-05-01T14:55:10,407Z [main] bridging.BridgeControlListener. - Found inboxes: [p2p.inbound.DL4FHYEUMzPFnAvEGKVHFKfffrjTGx6A58zcUTc33Xu2mX]
[INFO ] 2022-05-01T14:55:10,722Z [main] messaging.P2PMessagingClient. - Connecting to message broker: localhost:10010
[INFO ] 2022-05-01T14:55:12,008Z [Thread-4 (ActiveMQ-client-global-threads)] bridging.BridgeControlListener. - Received bridge control message NodeToBridgeSnapshot(nodeIdentity=O=ParticipantB, L=New York, C=US, inboxQueues=[p2p.inbound.DL4FHYEUMzPFnAvEGKVHFKfffrjTGx6A58zcUTc33Xu2mX], sendQueues=[])
[INFO ] 2022-05-01T14:55:12,038Z [Thread-4 (ActiveMQ-client-global-threads)] bridging.BridgeControlListener. - Added inbox: [p2p.inbound.DL4FHYEUMzPFnAvEGKVHFKfffrjTGx6A58zcUTc33Xu2mX]. Current inboxes: [p2p.inbound.DL4FHYEUMzPFnAvEGKVHFKfffrjTGx6A58zcUTc33Xu2mX].
[INFO ] 2022-05-01T14:55:13,731Z [main] ClassloaderUtils. - Contracts loading for 'C:\Users\Acer\AppData\Local\Temp\attachment4194036346158729288.jar' took 30 msec
[INFO ] 2022-05-01T14:55:14,464Z [main] ClassloaderUtils. - Contracts loading for 'C:\Users\Acer\AppData\Local\Temp\attachment3118765697991396665.jar' took 87 msec
[INFO ] 2022-05-01T14:55:15,132Z [main] cordapp.CordappConfigFileProvider. - No config found for cordapp corda-finance-workflows-4.8.5 in [C:\Users\Acer\Desktop\project_cordaBlockchain\sample-java-lastversion\Advanced\obligation-cordapp\build\nodes\ParticipantB\cordapps\config]
[INFO ] 2022-05-01T14:55:15,132Z [main] internal.Node. - Installed net.corda.finance.internal.ConfigHolder Corda service
[INFO ] 2022-05-01T14:55:20,827Z [main] statemachine.SingleThreadedStateMachineManager. - Node ready, info: NodeInfo(addresses=[localhost:10010], legalIdentitiesAndCerts=[O=ParticipantB, L=New York, C=US], platformVersion=10, serial=1650122629780)
[INFO ] 2022-05-01T14:55:21,265Z [Node thread-1] internal.Node. - Registering JMX reporter:
[INFO ] 2022-05-01T14:55:21,294Z [Node thread-1] internal.Node. - Registering Jolokia JMX reporter:
[INFO ] 2022-05-01T14:55:21,294Z [main] BasicInfo. - Loaded 5 CorDapp(s)                     : Contract CorDapp: Obligation CorDapp Contracts version 1 by vendor Corda Open Source with licence Apache License, Version 2.0, CorDapp corda-confidential-identities-4.8.5 version Unknown by Unknown with licence Unknown, Contract CorDapp: Corda Finance Demo version 1 by vendor R3 with licence Open Source (Apache 2), Workflow CorDapp: Corda Finance Demo version 1 by vendor R3 with licence Open Source (Apache 2), Workflow CorDapp: Obligation CorDapp Flows version 1 by vendor Corda Open Source with licence Apache License, Version 2.0
[WARN ] 2022-05-01T14:55:21,294Z [main] internal.Node. - CorDapp corda-confidential-identities-4.8.5 version Unknown by Unknown with licence Unknown will be unable to run on Corda in the future due to missing entries in JAR's manifest file.
[INFO ] 2022-05-01T14:55:21,366Z [main] BasicInfo. - Node for "ParticipantB" started up and registered in 170.27 sec
[INFO ] 2022-05-01T14:55:22,100Z [main] rpc.RPCServer. - Starting RPC server with configuration RPCServerConfiguration(rpcThreadPoolSize=4, reapInterval=PT1S, deduplicationCacheExpiry=PT24H)
[INFO ] 2022-05-01T14:55:22,745Z [main] BasicInfo. - Running P2PMessaging loop
[INFO ] 2022-05-01T14:55:22,804Z [main] messaging.P2PMessagingClient. - Status change to true
[INFO ] 2022-05-01T14:55:22,808Z [main] internal.Node. - MessagingService active change to: true
[WARN ] 2022-05-01T15:43:12,170Z [Thread-13] core.client. - AMQ212037: Connection failure has been detected: An existing connection was forcibly closed by the remote host [code=GENERIC_EXCEPTION]
[INFO ] 2022-05-01T15:43:12,251Z [Thread-9 (ActiveMQ-client-global-threads)] rpc.RPCServer. - Detected RPC client disconnect on address rpc.client.user1.7435606330423389232, scheduling for reaping
